<?xml version="1.0" encoding="UTF-8"?>
<coverage generated="1651070854074" clover="3.2.0">
  <project timestamp="1651070854074" name="All files">
    <metrics statements="169" coveredstatements="142" conditionals="78" coveredconditionals="51" methods="36" coveredmethods="34" elements="283" coveredelements="227" complexity="0" loc="169" ncloc="169" packages="4" files="7" classes="7"/>
    <package name="bin">
      <metrics statements="21" coveredstatements="7" conditionals="8" coveredconditionals="3" methods="2" coveredmethods="1"/>
      <file name="index.js" path="/Users/javaralexander/Desktop/dev/js_dep_check/bin/index.js">
        <metrics statements="21" coveredstatements="7" conditionals="8" coveredconditionals="3" methods="2" coveredmethods="1"/>
        <line num="12" count="1" type="stmt"/>
        <line num="14" count="1" type="stmt"/>
        <line num="15" count="2" type="stmt"/>
        <line num="16" count="2" type="cond" truecount="2" falsecount="0"/>
        <line num="20" count="1" type="stmt"/>
        <line num="21" count="1" type="stmt"/>
        <line num="23" count="1" type="cond" truecount="1" falsecount="1"/>
        <line num="24" count="0" type="stmt"/>
        <line num="32" count="0" type="stmt"/>
        <line num="34" count="0" type="stmt"/>
        <line num="37" count="0" type="stmt"/>
        <line num="42" count="0" type="stmt"/>
        <line num="51" count="0" type="cond" truecount="0" falsecount="4"/>
        <line num="52" count="0" type="stmt"/>
        <line num="53" count="0" type="stmt"/>
        <line num="55" count="0" type="stmt"/>
        <line num="56" count="0" type="stmt"/>
        <line num="63" count="0" type="stmt"/>
        <line num="64" count="0" type="stmt"/>
        <line num="65" count="0" type="stmt"/>
        <line num="66" count="0" type="stmt"/>
      </file>
    </package>
    <package name="src">
      <metrics statements="138" coveredstatements="128" conditionals="69" coveredconditionals="47" methods="31" coveredmethods="30"/>
      <file name="checkDependencies.js" path="/Users/javaralexander/Desktop/dev/js_dep_check/src/checkDependencies.js">
        <metrics statements="62" coveredstatements="58" conditionals="27" coveredconditionals="22" methods="11" coveredmethods="11"/>
        <line num="5" count="3" type="stmt"/>
        <line num="6" count="3" type="stmt"/>
        <line num="7" count="3" type="cond" truecount="1" falsecount="1"/>
        <line num="9" count="3" type="stmt"/>
        <line num="10" count="21" type="stmt"/>
        <line num="11" count="46" type="stmt"/>
        <line num="15" count="3" type="stmt"/>
        <line num="20" count="7" type="stmt"/>
        <line num="22" count="7" type="cond" truecount="1" falsecount="1"/>
        <line num="29" count="7" type="stmt"/>
        <line num="34" count="7" type="stmt"/>
        <line num="39" count="7" type="stmt"/>
        <line num="41" count="7" type="stmt"/>
        <line num="47" count="7" type="stmt"/>
        <line num="55" count="3" type="stmt"/>
        <line num="56" count="21" type="stmt"/>
        <line num="57" count="21" type="stmt"/>
        <line num="58" count="21" type="stmt"/>
        <line num="59" count="21" type="stmt"/>
        <line num="61" count="46" type="stmt"/>
        <line num="64" count="46" type="stmt"/>
        <line num="67" count="21" type="stmt"/>
        <line num="68" count="46" type="cond" truecount="2" falsecount="0"/>
        <line num="69" count="1" type="stmt"/>
        <line num="70" count="1" type="stmt"/>
        <line num="72" count="45" type="stmt"/>
        <line num="75" count="21" type="stmt"/>
        <line num="77" count="0" type="stmt"/>
        <line num="78" count="0" type="stmt"/>
        <line num="82" count="3" type="stmt"/>
        <line num="83" count="46" type="stmt"/>
        <line num="84" count="46" type="stmt"/>
        <line num="85" count="46" type="stmt"/>
        <line num="86" count="45" type="stmt"/>
        <line num="87" count="45" type="stmt"/>
        <line num="88" count="45" type="stmt"/>
        <line num="90" count="1" type="stmt"/>
        <line num="93" count="1" type="stmt"/>
        <line num="102" count="3" type="stmt"/>
        <line num="111" count="46" type="cond" truecount="2" falsecount="0"/>
        <line num="112" count="1" type="stmt"/>
        <line num="121" count="45" type="stmt"/>
        <line num="140" count="3" type="stmt"/>
        <line num="144" count="46" type="cond" truecount="2" falsecount="0"/>
        <line num="145" count="42" type="stmt"/>
        <line num="146" count="42" type="stmt"/>
        <line num="147" count="42" type="stmt"/>
        <line num="149" count="4" type="stmt"/>
        <line num="153" count="3" type="stmt"/>
        <line num="159" count="46" type="stmt"/>
        <line num="160" count="46" type="stmt"/>
        <line num="161" count="46" type="cond" truecount="2" falsecount="0"/>
        <line num="162" count="1" type="stmt"/>
        <line num="171" count="45" type="stmt"/>
        <line num="173" count="45" type="stmt"/>
        <line num="174" count="45" type="stmt"/>
        <line num="176" count="45" type="cond" truecount="2" falsecount="0"/>
        <line num="177" count="12" type="stmt"/>
        <line num="184" count="33" type="stmt"/>
        <line num="190" count="45" type="stmt"/>
        <line num="192" count="0" type="stmt"/>
        <line num="193" count="0" type="stmt"/>
      </file>
      <file name="enums.js" path="/Users/javaralexander/Desktop/dev/js_dep_check/src/enums.js">
        <metrics statements="4" coveredstatements="4" conditionals="0" coveredconditionals="0" methods="0" coveredmethods="0"/>
        <line num="1" count="2" type="stmt"/>
        <line num="6" count="2" type="stmt"/>
        <line num="7" count="2" type="stmt"/>
        <line num="8" count="2" type="stmt"/>
      </file>
      <file name="readPackage.js" path="/Users/javaralexander/Desktop/dev/js_dep_check/src/readPackage.js">
        <metrics statements="4" coveredstatements="4" conditionals="10" coveredconditionals="5" methods="1" coveredmethods="1"/>
        <line num="5" count="2" type="stmt"/>
        <line num="7" count="1" type="stmt"/>
        <line num="8" count="1" type="stmt"/>
        <line num="10" count="1" type="stmt"/>
      </file>
      <file name="reportGenerator.js" path="/Users/javaralexander/Desktop/dev/js_dep_check/src/reportGenerator.js">
        <metrics statements="68" coveredstatements="62" conditionals="32" coveredconditionals="20" methods="19" coveredmethods="18"/>
        <line num="7" count="2" type="stmt"/>
        <line num="9" count="2" type="stmt"/>
        <line num="14" count="4" type="stmt"/>
        <line num="19" count="44" type="stmt"/>
        <line num="20" count="44" type="cond" truecount="2" falsecount="0"/>
        <line num="21" count="8" type="stmt"/>
        <line num="26" count="36" type="stmt"/>
        <line num="34" count="2" type="stmt"/>
        <line num="44" count="1" type="stmt"/>
        <line num="46" count="1" type="stmt"/>
        <line num="70" count="2" type="stmt"/>
        <line num="80" count="3" type="stmt"/>
        <line num="83" count="3" type="stmt"/>
        <line num="85" count="3" type="stmt"/>
        <line num="87" count="3" type="stmt"/>
        <line num="89" count="3" type="stmt"/>
        <line num="90" count="3" type="stmt"/>
        <line num="97" count="3" type="stmt"/>
        <line num="99" count="3" type="stmt"/>
        <line num="101" count="3" type="cond" truecount="1" falsecount="1"/>
        <line num="102" count="0" type="stmt"/>
        <line num="104" count="3" type="cond" truecount="1" falsecount="1"/>
        <line num="105" count="0" type="stmt"/>
        <line num="108" count="3" type="cond" truecount="3" falsecount="1"/>
        <line num="109" count="3" type="stmt"/>
        <line num="112" count="0" type="cond" truecount="0" falsecount="2"/>
        <line num="113" count="0" type="stmt"/>
        <line num="117" count="3" type="stmt"/>
        <line num="209" count="2" type="stmt"/>
        <line num="233" count="2" type="stmt"/>
        <line num="234" count="33" type="stmt"/>
        <line num="235" count="42" type="stmt"/>
        <line num="239" count="2" type="stmt"/>
        <line num="240" count="33" type="cond" truecount="3" falsecount="1"/>
        <line num="241" count="0" type="stmt"/>
        <line num="243" count="33" type="cond" truecount="2" falsecount="0"/>
        <line num="244" count="24" type="stmt"/>
        <line num="246" count="9" type="stmt"/>
        <line num="250" count="2" type="cond" truecount="0" falsecount="1"/>
        <line num="251" count="3" type="cond" truecount="1" falsecount="1"/>
        <line num="266" count="0" type="stmt"/>
        <line num="277" count="3" type="stmt"/>
        <line num="280" count="2" type="stmt"/>
        <line num="281" count="3" type="stmt"/>
        <line num="293" count="12" type="stmt"/>
        <line num="303" count="2" type="stmt"/>
        <line num="304" count="9" type="stmt"/>
        <line num="305" count="33" type="stmt"/>
        <line num="308" count="9" type="stmt"/>
        <line num="309" count="9" type="cond" truecount="2" falsecount="0"/>
        <line num="336" count="33" type="stmt"/>
        <line num="338" count="33" type="stmt"/>
        <line num="343" count="33" type="cond" truecount="2" falsecount="0"/>
        <line num="345" count="33" type="stmt"/>
        <line num="348" count="33" type="stmt"/>
        <line num="351" count="33" type="stmt"/>
        <line num="370" count="9" type="stmt"/>
        <line num="373" count="2" type="stmt"/>
        <line num="378" count="3" type="stmt"/>
        <line num="384" count="6" type="stmt"/>
        <line num="386" count="3" type="cond" truecount="1" falsecount="1"/>
        <line num="396" count="3" type="stmt"/>
        <line num="407" count="2" type="stmt"/>
        <line num="408" count="3" type="stmt"/>
        <line num="409" count="3" type="stmt"/>
        <line num="413" count="3" type="stmt"/>
        <line num="414" count="2" type="stmt"/>
        <line num="416" count="1" type="stmt"/>
      </file>
    </package>
    <package name="src.tests">
      <metrics statements="1" coveredstatements="1" conditionals="0" coveredconditionals="0" methods="0" coveredmethods="0"/>
      <file name="utils.js" path="/Users/javaralexander/Desktop/dev/js_dep_check/src/tests/utils.js">
        <metrics statements="1" coveredstatements="1" conditionals="0" coveredconditionals="0" methods="0" coveredmethods="0"/>
        <line num="1" count="1" type="stmt"/>
      </file>
    </package>
    <package name="src.util">
      <metrics statements="9" coveredstatements="6" conditionals="1" coveredconditionals="1" methods="3" coveredmethods="3"/>
      <file name="sharedUtils.js" path="/Users/javaralexander/Desktop/dev/js_dep_check/src/util/sharedUtils.js">
        <metrics statements="9" coveredstatements="6" conditionals="1" coveredconditionals="1" methods="3" coveredmethods="3"/>
        <line num="3" count="2" type="stmt"/>
        <line num="4" count="4" type="stmt"/>
        <line num="5" count="4" type="stmt"/>
        <line num="7" count="4" type="stmt"/>
        <line num="9" count="0" type="stmt"/>
        <line num="10" count="0" type="stmt"/>
        <line num="11" count="0" type="stmt"/>
        <line num="24" count="2" type="cond" truecount="1" falsecount="0"/>
        <line num="25" count="17" type="stmt"/>
      </file>
    </package>
  </project>
</coverage>
