{"/Users/javaralexander/Desktop/dev/js_dep_check/bin/index.js": {"path":"/Users/javaralexander/Desktop/dev/js_dep_check/bin/index.js","statementMap":{"0":{"start":{"line":12,"column":0},"end":{"line":12,"column":32}},"1":{"start":{"line":14,"column":29},"end":{"line":17,"column":1}},"2":{"start":{"line":15,"column":15},"end":{"line":15,"column":71}},"3":{"start":{"line":15,"column":32},"end":{"line":15,"column":70}},"4":{"start":{"line":16,"column":2},"end":{"line":16,"column":34}},"5":{"start":{"line":20,"column":13},"end":{"line":20,"column":34}},"6":{"start":{"line":21,"column":19},"end":{"line":21,"column":34}},"7":{"start":{"line":23,"column":0},"end":{"line":68,"column":1}},"8":{"start":{"line":24,"column":2},"end":{"line":67,"column":3}},"9":{"start":{"line":32,"column":31},"end":{"line":32,"column":54}},"10":{"start":{"line":34,"column":4},"end":{"line":34,"column":35}},"11":{"start":{"line":37,"column":6},"end":{"line":37,"column":24}},"12":{"start":{"line":42,"column":20},"end":{"line":46,"column":6}},"13":{"start":{"line":51,"column":4},"end":{"line":57,"column":5}},"14":{"start":{"line":52,"column":25},"end":{"line":52,"column":73}},"15":{"start":{"line":53,"column":6},"end":{"line":53,"column":54}},"16":{"start":{"line":55,"column":25},"end":{"line":55,"column":73}},"17":{"start":{"line":56,"column":6},"end":{"line":56,"column":54}},"18":{"start":{"line":63,"column":4},"end":{"line":63,"column":66}},"19":{"start":{"line":64,"column":4},"end":{"line":64,"column":21}},"20":{"start":{"line":65,"column":4},"end":{"line":65,"column":19}},"21":{"start":{"line":66,"column":4},"end":{"line":66,"column":20}}},"fnMap":{"0":{"name":"(anonymous_0)","decl":{"start":{"line":14,"column":29},"end":{"line":14,"column":30}},"loc":{"start":{"line":14,"column":35},"end":{"line":17,"column":1}},"line":14},"1":{"name":"(anonymous_1)","decl":{"start":{"line":15,"column":25},"end":{"line":15,"column":26}},"loc":{"start":{"line":15,"column":32},"end":{"line":15,"column":70}},"line":15}},"branchMap":{"0":{"loc":{"start":{"line":16,"column":9},"end":{"line":16,"column":33}},"type":"binary-expr","locations":[{"start":{"line":16,"column":9},"end":{"line":16,"column":13}},{"start":{"line":16,"column":17},"end":{"line":16,"column":33}}],"line":16},"1":{"loc":{"start":{"line":23,"column":0},"end":{"line":68,"column":1}},"type":"if","locations":[{"start":{"line":23,"column":0},"end":{"line":68,"column":1}},{"start":{},"end":{}}],"line":23},"2":{"loc":{"start":{"line":51,"column":4},"end":{"line":57,"column":5}},"type":"if","locations":[{"start":{"line":51,"column":4},"end":{"line":57,"column":5}},{"start":{"line":54,"column":11},"end":{"line":57,"column":5}}],"line":51},"3":{"loc":{"start":{"line":51,"column":8},"end":{"line":51,"column":53}},"type":"binary-expr","locations":[{"start":{"line":51,"column":8},"end":{"line":51,"column":19}},{"start":{"line":51,"column":23},"end":{"line":51,"column":53}}],"line":51}},"s":{"0":1,"1":1,"2":2,"3":0,"4":2,"5":1,"6":1,"7":1,"8":0,"9":0,"10":0,"11":0,"12":0,"13":0,"14":0,"15":0,"16":0,"17":0,"18":0,"19":0,"20":0,"21":0},"f":{"0":2,"1":0},"b":{"0":[2,2],"1":[0,1],"2":[0,0],"3":[0,0]},"_coverageSchema":"1a1c01bbd47fc00a2c39e90264f33305004495a9","hash":"047719846b25419256c1bd46e68891c4fdc04787"}
,"/Users/javaralexander/Desktop/dev/js_dep_check/src/checkDependencies.js": {"path":"/Users/javaralexander/Desktop/dev/js_dep_check/src/checkDependencies.js","statementMap":{"0":{"start":{"line":5,"column":25},"end":{"line":5,"column":53}},"1":{"start":{"line":6,"column":24},"end":{"line":6,"column":55}},"2":{"start":{"line":7,"column":32},"end":{"line":7,"column":69}},"3":{"start":{"line":9,"column":27},"end":{"line":13,"column":1}},"4":{"start":{"line":10,"column":2},"end":{"line":12,"column":5}},"5":{"start":{"line":11,"column":4},"end":{"line":11,"column":42}},"6":{"start":{"line":15,"column":33},"end":{"line":53,"column":1}},"7":{"start":{"line":20,"column":29},"end":{"line":20,"column":31}},"8":{"start":{"line":22,"column":4},"end":{"line":24,"column":10}},"9":{"start":{"line":29,"column":6},"end":{"line":29,"column":64}},"10":{"start":{"line":34,"column":6},"end":{"line":34,"column":63}},"11":{"start":{"line":39,"column":6},"end":{"line":39,"column":60}},"12":{"start":{"line":41,"column":2},"end":{"line":45,"column":4}},"13":{"start":{"line":47,"column":2},"end":{"line":52,"column":4}},"14":{"start":{"line":55,"column":32},"end":{"line":80,"column":1}},"15":{"start":{"line":56,"column":2},"end":{"line":79,"column":3}},"16":{"start":{"line":57,"column":26},"end":{"line":57,"column":28}},"17":{"start":{"line":58,"column":25},"end":{"line":58,"column":59}},"18":{"start":{"line":59,"column":26},"end":{"line":66,"column":5}},"19":{"start":{"line":61,"column":21},"end":{"line":63,"column":10}},"20":{"start":{"line":64,"column":8},"end":{"line":64,"column":60}},"21":{"start":{"line":67,"column":30},"end":{"line":74,"column":6}},"22":{"start":{"line":68,"column":6},"end":{"line":73,"column":7}},"23":{"start":{"line":69,"column":8},"end":{"line":69,"column":30}},"24":{"start":{"line":70,"column":8},"end":{"line":70,"column":21}},"25":{"start":{"line":72,"column":8},"end":{"line":72,"column":20}},"26":{"start":{"line":75,"column":4},"end":{"line":75,"column":48}},"27":{"start":{"line":77,"column":4},"end":{"line":77,"column":21}},"28":{"start":{"line":78,"column":4},"end":{"line":78,"column":20}},"29":{"start":{"line":82,"column":37},"end":{"line":100,"column":1}},"30":{"start":{"line":83,"column":14},"end":{"line":83,"column":48}},"31":{"start":{"line":84,"column":2},"end":{"line":99,"column":3}},"32":{"start":{"line":85,"column":21},"end":{"line":85,"column":41}},"33":{"start":{"line":86,"column":21},"end":{"line":86,"column":25}},"34":{"start":{"line":87,"column":17},"end":{"line":87,"column":34}},"35":{"start":{"line":88,"column":4},"end":{"line":88,"column":43}},"36":{"start":{"line":90,"column":4},"end":{"line":92,"column":6}},"37":{"start":{"line":93,"column":4},"end":{"line":98,"column":6}},"38":{"start":{"line":102,"column":30},"end":{"line":138,"column":1}},"39":{"start":{"line":111,"column":2},"end":{"line":119,"column":6}},"40":{"start":{"line":112,"column":4},"end":{"line":119,"column":6}},"41":{"start":{"line":121,"column":2},"end":{"line":137,"column":4}},"42":{"start":{"line":140,"column":33},"end":{"line":151,"column":1}},"43":{"start":{"line":144,"column":2},"end":{"line":150,"column":3}},"44":{"start":{"line":145,"column":14},"end":{"line":145,"column":46}},"45":{"start":{"line":146,"column":33},"end":{"line":146,"column":34}},"46":{"start":{"line":147,"column":4},"end":{"line":147,"column":25}},"47":{"start":{"line":149,"column":4},"end":{"line":149,"column":34}},"48":{"start":{"line":153,"column":32},"end":{"line":196,"column":1}},"49":{"start":{"line":159,"column":2},"end":{"line":195,"column":5}},"50":{"start":{"line":160,"column":4},"end":{"line":194,"column":5}},"51":{"start":{"line":161,"column":6},"end":{"line":169,"column":7}},"52":{"start":{"line":162,"column":8},"end":{"line":168,"column":10}},"53":{"start":{"line":171,"column":29},"end":{"line":171,"column":62}},"54":{"start":{"line":173,"column":25},"end":{"line":173,"column":29}},"55":{"start":{"line":174,"column":24},"end":{"line":174,"column":26}},"56":{"start":{"line":176,"column":6},"end":{"line":189,"column":7}},"57":{"start":{"line":177,"column":8},"end":{"line":182,"column":11}},"58":{"start":{"line":184,"column":8},"end":{"line":188,"column":11}},"59":{"start":{"line":190,"column":6},"end":{"line":190,"column":27}},"60":{"start":{"line":192,"column":6},"end":{"line":192,"column":22}},"61":{"start":{"line":193,"column":6},"end":{"line":193,"column":16}}},"fnMap":{"0":{"name":"(anonymous_0)","decl":{"start":{"line":9,"column":27},"end":{"line":9,"column":28}},"loc":{"start":{"line":9,"column":47},"end":{"line":13,"column":1}},"line":9},"1":{"name":"(anonymous_1)","decl":{"start":{"line":10,"column":20},"end":{"line":10,"column":21}},"loc":{"start":{"line":10,"column":27},"end":{"line":12,"column":3}},"line":10},"2":{"name":"(anonymous_2)","decl":{"start":{"line":15,"column":33},"end":{"line":15,"column":34}},"loc":{"start":{"line":19,"column":6},"end":{"line":53,"column":1}},"line":19},"3":{"name":"(anonymous_3)","decl":{"start":{"line":55,"column":32},"end":{"line":55,"column":33}},"loc":{"start":{"line":55,"column":58},"end":{"line":80,"column":1}},"line":55},"4":{"name":"(anonymous_4)","decl":{"start":{"line":60,"column":23},"end":{"line":60,"column":24}},"loc":{"start":{"line":60,"column":42},"end":{"line":65,"column":7}},"line":60},"5":{"name":"(anonymous_5)","decl":{"start":{"line":67,"column":51},"end":{"line":67,"column":52}},"loc":{"start":{"line":67,"column":58},"end":{"line":74,"column":5}},"line":67},"6":{"name":"(anonymous_6)","decl":{"start":{"line":82,"column":37},"end":{"line":82,"column":38}},"loc":{"start":{"line":82,"column":71},"end":{"line":100,"column":1}},"line":82},"7":{"name":"(anonymous_7)","decl":{"start":{"line":102,"column":30},"end":{"line":102,"column":31}},"loc":{"start":{"line":110,"column":6},"end":{"line":138,"column":1}},"line":110},"8":{"name":"(anonymous_8)","decl":{"start":{"line":140,"column":33},"end":{"line":140,"column":34}},"loc":{"start":{"line":140,"column":53},"end":{"line":151,"column":1}},"line":140},"9":{"name":"(anonymous_9)","decl":{"start":{"line":153,"column":32},"end":{"line":153,"column":33}},"loc":{"start":{"line":156,"column":5},"end":{"line":196,"column":1}},"line":156},"10":{"name":"(anonymous_10)","decl":{"start":{"line":159,"column":21},"end":{"line":159,"column":22}},"loc":{"start":{"line":159,"column":42},"end":{"line":195,"column":3}},"line":159}},"branchMap":{"0":{"loc":{"start":{"line":7,"column":32},"end":{"line":7,"column":69}},"type":"binary-expr","locations":[{"start":{"line":7,"column":32},"end":{"line":7,"column":63}},{"start":{"line":7,"column":67},"end":{"line":7,"column":69}}],"line":7},"1":{"loc":{"start":{"line":16,"column":2},"end":{"line":16,"column":23}},"type":"default-arg","locations":[{"start":{"line":16,"column":21},"end":{"line":16,"column":23}}],"line":16},"2":{"loc":{"start":{"line":17,"column":2},"end":{"line":17,"column":22}},"type":"default-arg","locations":[{"start":{"line":17,"column":20},"end":{"line":17,"column":22}}],"line":17},"3":{"loc":{"start":{"line":18,"column":2},"end":{"line":18,"column":19}},"type":"default-arg","locations":[{"start":{"line":18,"column":17},"end":{"line":18,"column":19}}],"line":18},"4":{"loc":{"start":{"line":22,"column":4},"end":{"line":24,"column":10}},"type":"cond-expr","locations":[{"start":{"line":23,"column":8},"end":{"line":23,"column":42}},{"start":{"line":24,"column":8},"end":{"line":24,"column":10}}],"line":22},"5":{"loc":{"start":{"line":68,"column":6},"end":{"line":73,"column":7}},"type":"if","locations":[{"start":{"line":68,"column":6},"end":{"line":73,"column":7}},{"start":{"line":71,"column":13},"end":{"line":73,"column":7}}],"line":68},"6":{"loc":{"start":{"line":107,"column":2},"end":{"line":107,"column":15}},"type":"default-arg","locations":[{"start":{"line":107,"column":10},"end":{"line":107,"column":15}}],"line":107},"7":{"loc":{"start":{"line":111,"column":2},"end":{"line":119,"column":6}},"type":"if","locations":[{"start":{"line":111,"column":2},"end":{"line":119,"column":6}},{"start":{},"end":{}}],"line":111},"8":{"loc":{"start":{"line":127,"column":17},"end":{"line":127,"column":41}},"type":"binary-expr","locations":[{"start":{"line":127,"column":17},"end":{"line":127,"column":23}},{"start":{"line":127,"column":27},"end":{"line":127,"column":41}}],"line":127},"9":{"loc":{"start":{"line":128,"column":21},"end":{"line":128,"column":79}},"type":"binary-expr","locations":[{"start":{"line":128,"column":21},"end":{"line":128,"column":44}},{"start":{"line":128,"column":48},"end":{"line":128,"column":79}}],"line":128},"10":{"loc":{"start":{"line":134,"column":19},"end":{"line":134,"column":74}},"type":"binary-expr","locations":[{"start":{"line":134,"column":19},"end":{"line":134,"column":65}},{"start":{"line":134,"column":69},"end":{"line":134,"column":74}}],"line":134},"11":{"loc":{"start":{"line":134,"column":40},"end":{"line":134,"column":64}},"type":"binary-expr","locations":[{"start":{"line":134,"column":40},"end":{"line":134,"column":46}},{"start":{"line":134,"column":50},"end":{"line":134,"column":64}}],"line":134},"12":{"loc":{"start":{"line":144,"column":2},"end":{"line":150,"column":3}},"type":"if","locations":[{"start":{"line":144,"column":2},"end":{"line":150,"column":3}},{"start":{"line":148,"column":9},"end":{"line":150,"column":3}}],"line":144},"13":{"loc":{"start":{"line":154,"column":27},"end":{"line":154,"column":40}},"type":"default-arg","locations":[{"start":{"line":154,"column":35},"end":{"line":154,"column":40}}],"line":154},"14":{"loc":{"start":{"line":161,"column":6},"end":{"line":169,"column":7}},"type":"if","locations":[{"start":{"line":161,"column":6},"end":{"line":169,"column":7}},{"start":{},"end":{}}],"line":161},"15":{"loc":{"start":{"line":176,"column":6},"end":{"line":189,"column":7}},"type":"if","locations":[{"start":{"line":176,"column":6},"end":{"line":189,"column":7}},{"start":{"line":183,"column":13},"end":{"line":189,"column":7}}],"line":176}},"s":{"0":3,"1":3,"2":3,"3":3,"4":21,"5":46,"6":3,"7":7,"8":7,"9":7,"10":7,"11":7,"12":7,"13":7,"14":3,"15":21,"16":21,"17":21,"18":21,"19":46,"20":46,"21":21,"22":46,"23":1,"24":1,"25":45,"26":21,"27":0,"28":0,"29":3,"30":46,"31":46,"32":46,"33":45,"34":45,"35":45,"36":1,"37":1,"38":3,"39":46,"40":1,"41":45,"42":3,"43":46,"44":42,"45":42,"46":42,"47":4,"48":3,"49":46,"50":46,"51":46,"52":1,"53":45,"54":45,"55":45,"56":45,"57":12,"58":33,"59":45,"60":0,"61":0},"f":{"0":21,"1":46,"2":7,"3":21,"4":46,"5":46,"6":46,"7":46,"8":46,"9":46,"10":46},"b":{"0":[3,0],"1":[0],"2":[0],"3":[0],"4":[7,0],"5":[1,45],"6":[45],"7":[1,45],"8":[45,33],"9":[45,33],"10":[45,33],"11":[45,33],"12":[42,4],"13":[45],"14":[1,45],"15":[12,33]},"_coverageSchema":"1a1c01bbd47fc00a2c39e90264f33305004495a9","hash":"59bb92196c5153ba223213ee606782148e9ca304"}
,"/Users/javaralexander/Desktop/dev/js_dep_check/src/enums.js": {"path":"/Users/javaralexander/Desktop/dev/js_dep_check/src/enums.js","statementMap":{"0":{"start":{"line":1,"column":27},"end":{"line":4,"column":1}},"1":{"start":{"line":6,"column":33},"end":{"line":6,"column":45}},"2":{"start":{"line":7,"column":31},"end":{"line":7,"column":41}},"3":{"start":{"line":8,"column":30},"end":{"line":8,"column":39}}},"fnMap":{},"branchMap":{},"s":{"0":2,"1":2,"2":2,"3":2},"f":{},"b":{},"_coverageSchema":"1a1c01bbd47fc00a2c39e90264f33305004495a9","hash":"d7da2f9674e0dc3f4999ce15263b45e357969a8b"}
,"/Users/javaralexander/Desktop/dev/js_dep_check/src/readPackage.js": {"path":"/Users/javaralexander/Desktop/dev/js_dep_check/src/readPackage.js","statementMap":{"0":{"start":{"line":5,"column":31},"end":{"line":20,"column":1}},"1":{"start":{"line":7,"column":24},"end":{"line":7,"column":60}},"2":{"start":{"line":8,"column":21},"end":{"line":8,"column":68}},"3":{"start":{"line":10,"column":4},"end":{"line":19,"column":6}}},"fnMap":{"0":{"name":"(anonymous_0)","decl":{"start":{"line":5,"column":31},"end":{"line":5,"column":32}},"loc":{"start":{"line":5,"column":43},"end":{"line":20,"column":1}},"line":5}},"branchMap":{"0":{"loc":{"start":{"line":12,"column":14},"end":{"line":12,"column":33}},"type":"binary-expr","locations":[{"start":{"line":12,"column":14},"end":{"line":12,"column":27}},{"start":{"line":12,"column":31},"end":{"line":12,"column":33}}],"line":12},"1":{"loc":{"start":{"line":13,"column":17},"end":{"line":13,"column":39}},"type":"binary-expr","locations":[{"start":{"line":13,"column":17},"end":{"line":13,"column":33}},{"start":{"line":13,"column":37},"end":{"line":13,"column":39}}],"line":13},"2":{"loc":{"start":{"line":15,"column":20},"end":{"line":15,"column":74}},"type":"binary-expr","locations":[{"start":{"line":15,"column":20},"end":{"line":15,"column":68}},{"start":{"line":15,"column":72},"end":{"line":15,"column":74}}],"line":15},"3":{"loc":{"start":{"line":17,"column":8},"end":{"line":17,"column":66}},"type":"binary-expr","locations":[{"start":{"line":17,"column":8},"end":{"line":17,"column":60}},{"start":{"line":17,"column":64},"end":{"line":17,"column":66}}],"line":17},"4":{"loc":{"start":{"line":18,"column":23},"end":{"line":18,"column":80}},"type":"binary-expr","locations":[{"start":{"line":18,"column":23},"end":{"line":18,"column":74}},{"start":{"line":18,"column":78},"end":{"line":18,"column":80}}],"line":18}},"s":{"0":2,"1":1,"2":1,"3":1},"f":{"0":1},"b":{"0":[1,0],"1":[1,0],"2":[1,0],"3":[1,0],"4":[1,0]},"_coverageSchema":"1a1c01bbd47fc00a2c39e90264f33305004495a9","hash":"918b71534462ddd64f191747f193cb159fb49bc1"}
,"/Users/javaralexander/Desktop/dev/js_dep_check/src/reportGenerator.js": {"path":"/Users/javaralexander/Desktop/dev/js_dep_check/src/reportGenerator.js","statementMap":{"0":{"start":{"line":7,"column":17},"end":{"line":7,"column":43}},"1":{"start":{"line":9,"column":22},"end":{"line":32,"column":1}},"2":{"start":{"line":14,"column":2},"end":{"line":31,"column":9}},"3":{"start":{"line":19,"column":28},"end":{"line":19,"column":31}},"4":{"start":{"line":20,"column":4},"end":{"line":30,"column":5}},"5":{"start":{"line":21,"column":6},"end":{"line":24,"column":8}},"6":{"start":{"line":26,"column":6},"end":{"line":29,"column":8}},"7":{"start":{"line":34,"column":45},"end":{"line":68,"column":1}},"8":{"start":{"line":44,"column":15},"end":{"line":44,"column":25}},"9":{"start":{"line":46,"column":2},"end":{"line":67,"column":4}},"10":{"start":{"line":70,"column":45},"end":{"line":207,"column":1}},"11":{"start":{"line":80,"column":4},"end":{"line":80,"column":66}},"12":{"start":{"line":83,"column":4},"end":{"line":83,"column":73}},"13":{"start":{"line":85,"column":4},"end":{"line":85,"column":75}},"14":{"start":{"line":87,"column":25},"end":{"line":87,"column":73}},"15":{"start":{"line":89,"column":22},"end":{"line":89,"column":43}},"16":{"start":{"line":90,"column":21},"end":{"line":95,"column":4}},"17":{"start":{"line":97,"column":27},"end":{"line":115,"column":3}},"18":{"start":{"line":99,"column":6},"end":{"line":99,"column":77}},"19":{"start":{"line":101,"column":4},"end":{"line":103,"column":5}},"20":{"start":{"line":102,"column":6},"end":{"line":102,"column":88}},"21":{"start":{"line":104,"column":4},"end":{"line":106,"column":5}},"22":{"start":{"line":105,"column":6},"end":{"line":105,"column":89}},"23":{"start":{"line":108,"column":4},"end":{"line":110,"column":5}},"24":{"start":{"line":109,"column":6},"end":{"line":109,"column":79}},"25":{"start":{"line":112,"column":4},"end":{"line":114,"column":5}},"26":{"start":{"line":113,"column":6},"end":{"line":113,"column":107}},"27":{"start":{"line":117,"column":2},"end":{"line":206,"column":6}},"28":{"start":{"line":209,"column":21},"end":{"line":231,"column":1}},"29":{"start":{"line":233,"column":27},"end":{"line":237,"column":1}},"30":{"start":{"line":234,"column":2},"end":{"line":236,"column":5}},"31":{"start":{"line":235,"column":4},"end":{"line":235,"column":34}},"32":{"start":{"line":239,"column":29},"end":{"line":248,"column":1}},"33":{"start":{"line":240,"column":2},"end":{"line":242,"column":3}},"34":{"start":{"line":241,"column":4},"end":{"line":241,"column":26}},"35":{"start":{"line":243,"column":2},"end":{"line":247,"column":3}},"36":{"start":{"line":244,"column":4},"end":{"line":244,"column":29}},"37":{"start":{"line":246,"column":4},"end":{"line":246,"column":27}},"38":{"start":{"line":250,"column":37},"end":{"line":278,"column":1}},"39":{"start":{"line":251,"column":21},"end":{"line":276,"column":8}},"40":{"start":{"line":266,"column":27},"end":{"line":271,"column":34}},"41":{"start":{"line":277,"column":2},"end":{"line":277,"column":24}},"42":{"start":{"line":280,"column":28},"end":{"line":301,"column":29}},"43":{"start":{"line":281,"column":2},"end":{"line":301,"column":29}},"44":{"start":{"line":293,"column":27},"end":{"line":297,"column":34}},"45":{"start":{"line":303,"column":35},"end":{"line":371,"column":1}},"46":{"start":{"line":304,"column":27},"end":{"line":306,"column":3}},"47":{"start":{"line":305,"column":4},"end":{"line":305,"column":51}},"48":{"start":{"line":308,"column":25},"end":{"line":308,"column":26}},"49":{"start":{"line":309,"column":19},"end":{"line":368,"column":8}},"50":{"start":{"line":336,"column":31},"end":{"line":336,"column":41}},"51":{"start":{"line":338,"column":42},"end":{"line":341,"column":28}},"52":{"start":{"line":343,"column":27},"end":{"line":343,"column":76}},"53":{"start":{"line":345,"column":54},"end":{"line":347,"column":49}},"54":{"start":{"line":348,"column":60},"end":{"line":350,"column":49}},"55":{"start":{"line":351,"column":27},"end":{"line":363,"column":31}},"56":{"start":{"line":370,"column":2},"end":{"line":370,"column":40}},"57":{"start":{"line":373,"column":27},"end":{"line":405,"column":1}},"58":{"start":{"line":378,"column":16},"end":{"line":382,"column":4}},"59":{"start":{"line":384,"column":19},"end":{"line":384,"column":61}},"60":{"start":{"line":384,"column":50},"end":{"line":384,"column":60}},"61":{"start":{"line":386,"column":2},"end":{"line":404,"column":35}},"62":{"start":{"line":396,"column":22},"end":{"line":401,"column":23}},"63":{"start":{"line":407,"column":27},"end":{"line":418,"column":1}},"64":{"start":{"line":408,"column":2},"end":{"line":417,"column":3}},"65":{"start":{"line":409,"column":14},"end":{"line":412,"column":5}},"66":{"start":{"line":413,"column":4},"end":{"line":413,"column":32}},"67":{"start":{"line":414,"column":4},"end":{"line":414,"column":40}},"68":{"start":{"line":416,"column":4},"end":{"line":416,"column":21}}},"fnMap":{"0":{"name":"(anonymous_0)","decl":{"start":{"line":9,"column":22},"end":{"line":9,"column":23}},"loc":{"start":{"line":13,"column":6},"end":{"line":32,"column":1}},"line":13},"1":{"name":"(anonymous_1)","decl":{"start":{"line":18,"column":11},"end":{"line":18,"column":12}},"loc":{"start":{"line":18,"column":38},"end":{"line":31,"column":3}},"line":18},"2":{"name":"(anonymous_2)","decl":{"start":{"line":34,"column":45},"end":{"line":34,"column":46}},"loc":{"start":{"line":43,"column":5},"end":{"line":68,"column":1}},"line":43},"3":{"name":"(anonymous_3)","decl":{"start":{"line":70,"column":45},"end":{"line":70,"column":46}},"loc":{"start":{"line":78,"column":5},"end":{"line":207,"column":1}},"line":78},"4":{"name":"(anonymous_4)","decl":{"start":{"line":97,"column":27},"end":{"line":97,"column":28}},"loc":{"start":{"line":97,"column":33},"end":{"line":115,"column":3}},"line":97},"5":{"name":"(anonymous_5)","decl":{"start":{"line":233,"column":27},"end":{"line":233,"column":28}},"loc":{"start":{"line":233,"column":36},"end":{"line":237,"column":1}},"line":233},"6":{"name":"(anonymous_6)","decl":{"start":{"line":234,"column":27},"end":{"line":234,"column":28}},"loc":{"start":{"line":234,"column":50},"end":{"line":236,"column":3}},"line":234},"7":{"name":"(anonymous_7)","decl":{"start":{"line":239,"column":29},"end":{"line":239,"column":30}},"loc":{"start":{"line":239,"column":50},"end":{"line":248,"column":1}},"line":239},"8":{"name":"(anonymous_8)","decl":{"start":{"line":250,"column":37},"end":{"line":250,"column":38}},"loc":{"start":{"line":250,"column":54},"end":{"line":278,"column":1}},"line":250},"9":{"name":"(anonymous_9)","decl":{"start":{"line":265,"column":30},"end":{"line":265,"column":31}},"loc":{"start":{"line":265,"column":59},"end":{"line":272,"column":26}},"line":265},"10":{"name":"(anonymous_10)","decl":{"start":{"line":280,"column":28},"end":{"line":280,"column":29}},"loc":{"start":{"line":281,"column":2},"end":{"line":301,"column":29}},"line":281},"11":{"name":"(anonymous_11)","decl":{"start":{"line":292,"column":30},"end":{"line":292,"column":31}},"loc":{"start":{"line":292,"column":59},"end":{"line":298,"column":26}},"line":292},"12":{"name":"(anonymous_12)","decl":{"start":{"line":303,"column":35},"end":{"line":303,"column":36}},"loc":{"start":{"line":303,"column":50},"end":{"line":371,"column":1}},"line":303},"13":{"name":"(anonymous_13)","decl":{"start":{"line":304,"column":27},"end":{"line":304,"column":28}},"loc":{"start":{"line":304,"column":45},"end":{"line":306,"column":3}},"line":304},"14":{"name":"(anonymous_14)","decl":{"start":{"line":328,"column":30},"end":{"line":328,"column":31}},"loc":{"start":{"line":328,"column":59},"end":{"line":364,"column":26}},"line":328},"15":{"name":"(anonymous_15)","decl":{"start":{"line":373,"column":27},"end":{"line":373,"column":28}},"loc":{"start":{"line":377,"column":6},"end":{"line":405,"column":1}},"line":377},"16":{"name":"(anonymous_16)","decl":{"start":{"line":384,"column":45},"end":{"line":384,"column":46}},"loc":{"start":{"line":384,"column":50},"end":{"line":384,"column":60}},"line":384},"17":{"name":"(anonymous_17)","decl":{"start":{"line":395,"column":35},"end":{"line":395,"column":36}},"loc":{"start":{"line":395,"column":41},"end":{"line":402,"column":21}},"line":395},"18":{"name":"(anonymous_18)","decl":{"start":{"line":407,"column":27},"end":{"line":407,"column":28}},"loc":{"start":{"line":407,"column":49},"end":{"line":418,"column":1}},"line":407}},"branchMap":{"0":{"loc":{"start":{"line":20,"column":4},"end":{"line":30,"column":5}},"type":"if","locations":[{"start":{"line":20,"column":4},"end":{"line":30,"column":5}},{"start":{"line":25,"column":11},"end":{"line":30,"column":5}}],"line":20},"1":{"loc":{"start":{"line":40,"column":4},"end":{"line":40,"column":23}},"type":"default-arg","locations":[{"start":{"line":40,"column":18},"end":{"line":40,"column":23}}],"line":40},"2":{"loc":{"start":{"line":61,"column":14},"end":{"line":61,"column":55}},"type":"binary-expr","locations":[{"start":{"line":61,"column":14},"end":{"line":61,"column":26}},{"start":{"line":61,"column":30},"end":{"line":61,"column":55}}],"line":61},"3":{"loc":{"start":{"line":62,"column":14},"end":{"line":62,"column":55}},"type":"binary-expr","locations":[{"start":{"line":62,"column":14},"end":{"line":62,"column":26}},{"start":{"line":62,"column":30},"end":{"line":62,"column":55}}],"line":62},"4":{"loc":{"start":{"line":101,"column":4},"end":{"line":103,"column":5}},"type":"if","locations":[{"start":{"line":101,"column":4},"end":{"line":103,"column":5}},{"start":{},"end":{}}],"line":101},"5":{"loc":{"start":{"line":104,"column":4},"end":{"line":106,"column":5}},"type":"if","locations":[{"start":{"line":104,"column":4},"end":{"line":106,"column":5}},{"start":{},"end":{}}],"line":104},"6":{"loc":{"start":{"line":108,"column":4},"end":{"line":110,"column":5}},"type":"if","locations":[{"start":{"line":108,"column":4},"end":{"line":110,"column":5}},{"start":{},"end":{}}],"line":108},"7":{"loc":{"start":{"line":108,"column":8},"end":{"line":108,"column":47}},"type":"binary-expr","locations":[{"start":{"line":108,"column":8},"end":{"line":108,"column":25}},{"start":{"line":108,"column":29},"end":{"line":108,"column":47}}],"line":108},"8":{"loc":{"start":{"line":112,"column":4},"end":{"line":114,"column":5}},"type":"if","locations":[{"start":{"line":112,"column":4},"end":{"line":114,"column":5}},{"start":{},"end":{}}],"line":112},"9":{"loc":{"start":{"line":240,"column":2},"end":{"line":242,"column":3}},"type":"if","locations":[{"start":{"line":240,"column":2},"end":{"line":242,"column":3}},{"start":{},"end":{}}],"line":240},"10":{"loc":{"start":{"line":240,"column":6},"end":{"line":240,"column":47}},"type":"binary-expr","locations":[{"start":{"line":240,"column":6},"end":{"line":240,"column":24}},{"start":{"line":240,"column":28},"end":{"line":240,"column":47}}],"line":240},"11":{"loc":{"start":{"line":243,"column":2},"end":{"line":247,"column":3}},"type":"if","locations":[{"start":{"line":243,"column":2},"end":{"line":247,"column":3}},{"start":{"line":245,"column":9},"end":{"line":247,"column":3}}],"line":243},"12":{"loc":{"start":{"line":250,"column":38},"end":{"line":250,"column":49}},"type":"default-arg","locations":[{"start":{"line":250,"column":47},"end":{"line":250,"column":49}}],"line":250},"13":{"loc":{"start":{"line":251,"column":21},"end":{"line":276,"column":8}},"type":"cond-expr","locations":[{"start":{"line":252,"column":6},"end":{"line":275,"column":29}},{"start":{"line":276,"column":6},"end":{"line":276,"column":8}}],"line":251},"14":{"loc":{"start":{"line":309,"column":19},"end":{"line":368,"column":8}},"type":"cond-expr","locations":[{"start":{"line":310,"column":6},"end":{"line":367,"column":29}},{"start":{"line":368,"column":6},"end":{"line":368,"column":8}}],"line":309},"15":{"loc":{"start":{"line":343,"column":27},"end":{"line":343,"column":75}},"type":"binary-expr","locations":[{"start":{"line":343,"column":27},"end":{"line":343,"column":53}},{"start":{"line":343,"column":57},"end":{"line":343,"column":75}}],"line":343},"16":{"loc":{"start":{"line":386,"column":9},"end":{"line":404,"column":34}},"type":"cond-expr","locations":[{"start":{"line":386,"column":27},"end":{"line":404,"column":29}},{"start":{"line":404,"column":32},"end":{"line":404,"column":34}}],"line":386}},"s":{"0":2,"1":2,"2":4,"3":44,"4":44,"5":8,"6":36,"7":2,"8":1,"9":1,"10":2,"11":3,"12":3,"13":3,"14":3,"15":3,"16":3,"17":3,"18":3,"19":3,"20":0,"21":3,"22":0,"23":3,"24":3,"25":0,"26":0,"27":3,"28":2,"29":2,"30":33,"31":42,"32":2,"33":33,"34":0,"35":33,"36":24,"37":9,"38":2,"39":3,"40":0,"41":3,"42":2,"43":3,"44":12,"45":2,"46":9,"47":33,"48":9,"49":9,"50":33,"51":33,"52":33,"53":33,"54":33,"55":33,"56":9,"57":2,"58":3,"59":3,"60":6,"61":3,"62":3,"63":2,"64":3,"65":3,"66":3,"67":2,"68":1},"f":{"0":4,"1":44,"2":1,"3":3,"4":3,"5":33,"6":42,"7":33,"8":3,"9":0,"10":3,"11":12,"12":9,"13":33,"14":33,"15":3,"16":6,"17":3,"18":3},"b":{"0":[8,36],"1":[0],"2":[1,0],"3":[1,0],"4":[0,3],"5":[0,3],"6":[3,0],"7":[3,3],"8":[0,0],"9":[0,33],"10":[33,33],"11":[24,9],"12":[0],"13":[0,3],"14":[6,3],"15":[33,9],"16":[3,0]},"_coverageSchema":"1a1c01bbd47fc00a2c39e90264f33305004495a9","hash":"3f4686fb0917077c31a6b32c4110c6095e779825"}
,"/Users/javaralexander/Desktop/dev/js_dep_check/src/tests/utils.js": {"path":"/Users/javaralexander/Desktop/dev/js_dep_check/src/tests/utils.js","statementMap":{"0":{"start":{"line":1,"column":37},"end":{"line":19,"column":1}}},"fnMap":{},"branchMap":{},"s":{"0":1},"f":{},"b":{},"_coverageSchema":"1a1c01bbd47fc00a2c39e90264f33305004495a9","hash":"cb4809b87e99bda994ce384c291e67bec516d5c0"}
,"/Users/javaralexander/Desktop/dev/js_dep_check/src/util/sharedUtils.js": {"path":"/Users/javaralexander/Desktop/dev/js_dep_check/src/util/sharedUtils.js","statementMap":{"0":{"start":{"line":3,"column":24},"end":{"line":13,"column":1}},"1":{"start":{"line":4,"column":2},"end":{"line":12,"column":3}},"2":{"start":{"line":5,"column":21},"end":{"line":5,"column":38}},"3":{"start":{"line":7,"column":4},"end":{"line":7,"column":20}},"4":{"start":{"line":9,"column":4},"end":{"line":9,"column":48}},"5":{"start":{"line":10,"column":4},"end":{"line":10,"column":21}},"6":{"start":{"line":11,"column":4},"end":{"line":11,"column":20}},"7":{"start":{"line":24,"column":41},"end":{"line":26,"column":1}},"8":{"start":{"line":25,"column":2},"end":{"line":25,"column":78}},"9":{"start":{"line":25,"column":40},"end":{"line":25,"column":75}}},"fnMap":{"0":{"name":"(anonymous_0)","decl":{"start":{"line":3,"column":24},"end":{"line":3,"column":25}},"loc":{"start":{"line":3,"column":63},"end":{"line":13,"column":1}},"line":3},"1":{"name":"(anonymous_1)","decl":{"start":{"line":24,"column":41},"end":{"line":24,"column":42}},"loc":{"start":{"line":24,"column":55},"end":{"line":26,"column":1}},"line":24},"2":{"name":"(anonymous_2)","decl":{"start":{"line":25,"column":30},"end":{"line":25,"column":31}},"loc":{"start":{"line":25,"column":40},"end":{"line":25,"column":75}},"line":25}},"branchMap":{"0":{"loc":{"start":{"line":24,"column":42},"end":{"line":24,"column":50}},"type":"default-arg","locations":[{"start":{"line":24,"column":48},"end":{"line":24,"column":50}}],"line":24}},"s":{"0":2,"1":4,"2":4,"3":4,"4":0,"5":0,"6":0,"7":2,"8":4,"9":17},"f":{"0":4,"1":4,"2":17},"b":{"0":[1]},"_coverageSchema":"1a1c01bbd47fc00a2c39e90264f33305004495a9","hash":"d328c1888bbea0f54627de02f8412f0918788322"}
}
