{"/Users/javaralexander/Desktop/dev/js_dep_check/bin/index.js": {"path":"/Users/javaralexander/Desktop/dev/js_dep_check/bin/index.js","statementMap":{"0":{"start":{"line":12,"column":0},"end":{"line":12,"column":32}},"1":{"start":{"line":14,"column":29},"end":{"line":17,"column":1}},"2":{"start":{"line":15,"column":15},"end":{"line":15,"column":71}},"3":{"start":{"line":15,"column":32},"end":{"line":15,"column":70}},"4":{"start":{"line":16,"column":2},"end":{"line":16,"column":34}},"5":{"start":{"line":20,"column":13},"end":{"line":20,"column":34}},"6":{"start":{"line":21,"column":19},"end":{"line":21,"column":34}},"7":{"start":{"line":23,"column":0},"end":{"line":66,"column":1}},"8":{"start":{"line":24,"column":2},"end":{"line":65,"column":3}},"9":{"start":{"line":32,"column":31},"end":{"line":32,"column":54}},"10":{"start":{"line":35,"column":6},"end":{"line":35,"column":24}},"11":{"start":{"line":40,"column":20},"end":{"line":44,"column":6}},"12":{"start":{"line":49,"column":4},"end":{"line":55,"column":5}},"13":{"start":{"line":50,"column":25},"end":{"line":50,"column":73}},"14":{"start":{"line":51,"column":6},"end":{"line":51,"column":54}},"15":{"start":{"line":53,"column":25},"end":{"line":53,"column":73}},"16":{"start":{"line":54,"column":6},"end":{"line":54,"column":54}},"17":{"start":{"line":61,"column":4},"end":{"line":61,"column":66}},"18":{"start":{"line":62,"column":4},"end":{"line":62,"column":21}},"19":{"start":{"line":63,"column":4},"end":{"line":63,"column":19}},"20":{"start":{"line":64,"column":4},"end":{"line":64,"column":20}}},"fnMap":{"0":{"name":"(anonymous_0)","decl":{"start":{"line":14,"column":29},"end":{"line":14,"column":30}},"loc":{"start":{"line":14,"column":35},"end":{"line":17,"column":1}},"line":14},"1":{"name":"(anonymous_1)","decl":{"start":{"line":15,"column":25},"end":{"line":15,"column":26}},"loc":{"start":{"line":15,"column":32},"end":{"line":15,"column":70}},"line":15}},"branchMap":{"0":{"loc":{"start":{"line":16,"column":9},"end":{"line":16,"column":33}},"type":"binary-expr","locations":[{"start":{"line":16,"column":9},"end":{"line":16,"column":13}},{"start":{"line":16,"column":17},"end":{"line":16,"column":33}}],"line":16},"1":{"loc":{"start":{"line":23,"column":0},"end":{"line":66,"column":1}},"type":"if","locations":[{"start":{"line":23,"column":0},"end":{"line":66,"column":1}},{"start":{},"end":{}}],"line":23},"2":{"loc":{"start":{"line":49,"column":4},"end":{"line":55,"column":5}},"type":"if","locations":[{"start":{"line":49,"column":4},"end":{"line":55,"column":5}},{"start":{"line":52,"column":11},"end":{"line":55,"column":5}}],"line":49},"3":{"loc":{"start":{"line":49,"column":8},"end":{"line":49,"column":53}},"type":"binary-expr","locations":[{"start":{"line":49,"column":8},"end":{"line":49,"column":19}},{"start":{"line":49,"column":23},"end":{"line":49,"column":53}}],"line":49}},"s":{"0":1,"1":1,"2":2,"3":4,"4":2,"5":1,"6":1,"7":1,"8":0,"9":0,"10":0,"11":0,"12":0,"13":0,"14":0,"15":0,"16":0,"17":0,"18":0,"19":0,"20":0},"f":{"0":2,"1":4},"b":{"0":[2,2],"1":[0,1],"2":[0,0],"3":[0,0]},"_coverageSchema":"1a1c01bbd47fc00a2c39e90264f33305004495a9","hash":"f0fbe2398eb25031f562abaf860c3c8a51eb8b3d"}
,"/Users/javaralexander/Desktop/dev/js_dep_check/src/checkDependencies.js": {"path":"/Users/javaralexander/Desktop/dev/js_dep_check/src/checkDependencies.js","statementMap":{"0":{"start":{"line":5,"column":25},"end":{"line":5,"column":53}},"1":{"start":{"line":6,"column":24},"end":{"line":6,"column":55}},"2":{"start":{"line":7,"column":32},"end":{"line":7,"column":69}},"3":{"start":{"line":9,"column":27},"end":{"line":13,"column":1}},"4":{"start":{"line":10,"column":2},"end":{"line":12,"column":5}},"5":{"start":{"line":11,"column":4},"end":{"line":11,"column":42}},"6":{"start":{"line":15,"column":33},"end":{"line":53,"column":1}},"7":{"start":{"line":20,"column":29},"end":{"line":20,"column":31}},"8":{"start":{"line":22,"column":4},"end":{"line":24,"column":10}},"9":{"start":{"line":29,"column":6},"end":{"line":29,"column":64}},"10":{"start":{"line":34,"column":6},"end":{"line":34,"column":63}},"11":{"start":{"line":39,"column":6},"end":{"line":39,"column":60}},"12":{"start":{"line":41,"column":2},"end":{"line":45,"column":4}},"13":{"start":{"line":47,"column":2},"end":{"line":52,"column":4}},"14":{"start":{"line":55,"column":32},"end":{"line":80,"column":1}},"15":{"start":{"line":56,"column":2},"end":{"line":79,"column":3}},"16":{"start":{"line":57,"column":26},"end":{"line":57,"column":28}},"17":{"start":{"line":58,"column":25},"end":{"line":58,"column":59}},"18":{"start":{"line":59,"column":26},"end":{"line":66,"column":5}},"19":{"start":{"line":61,"column":21},"end":{"line":63,"column":10}},"20":{"start":{"line":64,"column":8},"end":{"line":64,"column":60}},"21":{"start":{"line":67,"column":30},"end":{"line":74,"column":6}},"22":{"start":{"line":68,"column":6},"end":{"line":73,"column":7}},"23":{"start":{"line":69,"column":8},"end":{"line":69,"column":30}},"24":{"start":{"line":70,"column":8},"end":{"line":70,"column":21}},"25":{"start":{"line":72,"column":8},"end":{"line":72,"column":20}},"26":{"start":{"line":75,"column":4},"end":{"line":75,"column":48}},"27":{"start":{"line":77,"column":4},"end":{"line":77,"column":21}},"28":{"start":{"line":78,"column":4},"end":{"line":78,"column":20}},"29":{"start":{"line":82,"column":37},"end":{"line":100,"column":1}},"30":{"start":{"line":83,"column":14},"end":{"line":83,"column":48}},"31":{"start":{"line":84,"column":2},"end":{"line":99,"column":3}},"32":{"start":{"line":85,"column":21},"end":{"line":85,"column":41}},"33":{"start":{"line":86,"column":21},"end":{"line":86,"column":25}},"34":{"start":{"line":87,"column":17},"end":{"line":87,"column":34}},"35":{"start":{"line":88,"column":4},"end":{"line":88,"column":43}},"36":{"start":{"line":90,"column":4},"end":{"line":92,"column":6}},"37":{"start":{"line":93,"column":4},"end":{"line":98,"column":6}},"38":{"start":{"line":102,"column":30},"end":{"line":138,"column":1}},"39":{"start":{"line":111,"column":2},"end":{"line":119,"column":6}},"40":{"start":{"line":112,"column":4},"end":{"line":119,"column":6}},"41":{"start":{"line":121,"column":2},"end":{"line":137,"column":4}},"42":{"start":{"line":140,"column":33},"end":{"line":151,"column":1}},"43":{"start":{"line":144,"column":2},"end":{"line":150,"column":3}},"44":{"start":{"line":145,"column":14},"end":{"line":145,"column":46}},"45":{"start":{"line":146,"column":33},"end":{"line":146,"column":34}},"46":{"start":{"line":147,"column":4},"end":{"line":147,"column":25}},"47":{"start":{"line":149,"column":4},"end":{"line":149,"column":34}},"48":{"start":{"line":153,"column":32},"end":{"line":196,"column":1}},"49":{"start":{"line":159,"column":2},"end":{"line":195,"column":5}},"50":{"start":{"line":160,"column":4},"end":{"line":194,"column":5}},"51":{"start":{"line":161,"column":6},"end":{"line":169,"column":7}},"52":{"start":{"line":162,"column":8},"end":{"line":168,"column":10}},"53":{"start":{"line":171,"column":29},"end":{"line":171,"column":62}},"54":{"start":{"line":173,"column":25},"end":{"line":173,"column":29}},"55":{"start":{"line":174,"column":24},"end":{"line":174,"column":26}},"56":{"start":{"line":176,"column":6},"end":{"line":189,"column":7}},"57":{"start":{"line":177,"column":8},"end":{"line":182,"column":11}},"58":{"start":{"line":184,"column":8},"end":{"line":188,"column":11}},"59":{"start":{"line":190,"column":6},"end":{"line":190,"column":27}},"60":{"start":{"line":192,"column":6},"end":{"line":192,"column":22}},"61":{"start":{"line":193,"column":6},"end":{"line":193,"column":16}}},"fnMap":{"0":{"name":"(anonymous_0)","decl":{"start":{"line":9,"column":27},"end":{"line":9,"column":28}},"loc":{"start":{"line":9,"column":47},"end":{"line":13,"column":1}},"line":9},"1":{"name":"(anonymous_1)","decl":{"start":{"line":10,"column":20},"end":{"line":10,"column":21}},"loc":{"start":{"line":10,"column":27},"end":{"line":12,"column":3}},"line":10},"2":{"name":"(anonymous_2)","decl":{"start":{"line":15,"column":33},"end":{"line":15,"column":34}},"loc":{"start":{"line":19,"column":6},"end":{"line":53,"column":1}},"line":19},"3":{"name":"(anonymous_3)","decl":{"start":{"line":55,"column":32},"end":{"line":55,"column":33}},"loc":{"start":{"line":55,"column":58},"end":{"line":80,"column":1}},"line":55},"4":{"name":"(anonymous_4)","decl":{"start":{"line":60,"column":23},"end":{"line":60,"column":24}},"loc":{"start":{"line":60,"column":42},"end":{"line":65,"column":7}},"line":60},"5":{"name":"(anonymous_5)","decl":{"start":{"line":67,"column":51},"end":{"line":67,"column":52}},"loc":{"start":{"line":67,"column":58},"end":{"line":74,"column":5}},"line":67},"6":{"name":"(anonymous_6)","decl":{"start":{"line":82,"column":37},"end":{"line":82,"column":38}},"loc":{"start":{"line":82,"column":71},"end":{"line":100,"column":1}},"line":82},"7":{"name":"(anonymous_7)","decl":{"start":{"line":102,"column":30},"end":{"line":102,"column":31}},"loc":{"start":{"line":110,"column":6},"end":{"line":138,"column":1}},"line":110},"8":{"name":"(anonymous_8)","decl":{"start":{"line":140,"column":33},"end":{"line":140,"column":34}},"loc":{"start":{"line":140,"column":53},"end":{"line":151,"column":1}},"line":140},"9":{"name":"(anonymous_9)","decl":{"start":{"line":153,"column":32},"end":{"line":153,"column":33}},"loc":{"start":{"line":156,"column":5},"end":{"line":196,"column":1}},"line":156},"10":{"name":"(anonymous_10)","decl":{"start":{"line":159,"column":21},"end":{"line":159,"column":22}},"loc":{"start":{"line":159,"column":42},"end":{"line":195,"column":3}},"line":159}},"branchMap":{"0":{"loc":{"start":{"line":7,"column":32},"end":{"line":7,"column":69}},"type":"binary-expr","locations":[{"start":{"line":7,"column":32},"end":{"line":7,"column":63}},{"start":{"line":7,"column":67},"end":{"line":7,"column":69}}],"line":7},"1":{"loc":{"start":{"line":16,"column":2},"end":{"line":16,"column":23}},"type":"default-arg","locations":[{"start":{"line":16,"column":21},"end":{"line":16,"column":23}}],"line":16},"2":{"loc":{"start":{"line":17,"column":2},"end":{"line":17,"column":22}},"type":"default-arg","locations":[{"start":{"line":17,"column":20},"end":{"line":17,"column":22}}],"line":17},"3":{"loc":{"start":{"line":18,"column":2},"end":{"line":18,"column":19}},"type":"default-arg","locations":[{"start":{"line":18,"column":17},"end":{"line":18,"column":19}}],"line":18},"4":{"loc":{"start":{"line":22,"column":4},"end":{"line":24,"column":10}},"type":"cond-expr","locations":[{"start":{"line":23,"column":8},"end":{"line":23,"column":42}},{"start":{"line":24,"column":8},"end":{"line":24,"column":10}}],"line":22},"5":{"loc":{"start":{"line":68,"column":6},"end":{"line":73,"column":7}},"type":"if","locations":[{"start":{"line":68,"column":6},"end":{"line":73,"column":7}},{"start":{"line":71,"column":13},"end":{"line":73,"column":7}}],"line":68},"6":{"loc":{"start":{"line":107,"column":2},"end":{"line":107,"column":15}},"type":"default-arg","locations":[{"start":{"line":107,"column":10},"end":{"line":107,"column":15}}],"line":107},"7":{"loc":{"start":{"line":111,"column":2},"end":{"line":119,"column":6}},"type":"if","locations":[{"start":{"line":111,"column":2},"end":{"line":119,"column":6}},{"start":{},"end":{}}],"line":111},"8":{"loc":{"start":{"line":127,"column":17},"end":{"line":127,"column":41}},"type":"binary-expr","locations":[{"start":{"line":127,"column":17},"end":{"line":127,"column":23}},{"start":{"line":127,"column":27},"end":{"line":127,"column":41}}],"line":127},"9":{"loc":{"start":{"line":128,"column":21},"end":{"line":128,"column":79}},"type":"binary-expr","locations":[{"start":{"line":128,"column":21},"end":{"line":128,"column":44}},{"start":{"line":128,"column":48},"end":{"line":128,"column":79}}],"line":128},"10":{"loc":{"start":{"line":134,"column":19},"end":{"line":134,"column":74}},"type":"binary-expr","locations":[{"start":{"line":134,"column":19},"end":{"line":134,"column":65}},{"start":{"line":134,"column":69},"end":{"line":134,"column":74}}],"line":134},"11":{"loc":{"start":{"line":134,"column":40},"end":{"line":134,"column":64}},"type":"binary-expr","locations":[{"start":{"line":134,"column":40},"end":{"line":134,"column":46}},{"start":{"line":134,"column":50},"end":{"line":134,"column":64}}],"line":134},"12":{"loc":{"start":{"line":144,"column":2},"end":{"line":150,"column":3}},"type":"if","locations":[{"start":{"line":144,"column":2},"end":{"line":150,"column":3}},{"start":{"line":148,"column":9},"end":{"line":150,"column":3}}],"line":144},"13":{"loc":{"start":{"line":154,"column":27},"end":{"line":154,"column":40}},"type":"default-arg","locations":[{"start":{"line":154,"column":35},"end":{"line":154,"column":40}}],"line":154},"14":{"loc":{"start":{"line":161,"column":6},"end":{"line":169,"column":7}},"type":"if","locations":[{"start":{"line":161,"column":6},"end":{"line":169,"column":7}},{"start":{},"end":{}}],"line":161},"15":{"loc":{"start":{"line":176,"column":6},"end":{"line":189,"column":7}},"type":"if","locations":[{"start":{"line":176,"column":6},"end":{"line":189,"column":7}},{"start":{"line":183,"column":13},"end":{"line":189,"column":7}}],"line":176}},"s":{"0":2,"1":2,"2":2,"3":2,"4":9,"5":2,"6":2,"7":3,"8":3,"9":3,"10":3,"11":3,"12":3,"13":3,"14":2,"15":9,"16":9,"17":9,"18":9,"19":2,"20":2,"21":9,"22":2,"23":1,"24":1,"25":1,"26":9,"27":0,"28":0,"29":2,"30":2,"31":2,"32":2,"33":1,"34":1,"35":1,"36":1,"37":1,"38":2,"39":2,"40":1,"41":1,"42":2,"43":2,"44":2,"45":2,"46":2,"47":0,"48":2,"49":2,"50":2,"51":2,"52":1,"53":1,"54":1,"55":1,"56":1,"57":0,"58":1,"59":1,"60":0,"61":0},"f":{"0":9,"1":2,"2":3,"3":9,"4":2,"5":2,"6":2,"7":2,"8":2,"9":2,"10":2},"b":{"0":[2,0],"1":[0],"2":[0],"3":[0],"4":[3,0],"5":[1,1],"6":[1],"7":[1,1],"8":[1,1],"9":[1,1],"10":[1,1],"11":[1,1],"12":[2,0],"13":[1],"14":[1,1],"15":[0,1]},"_coverageSchema":"1a1c01bbd47fc00a2c39e90264f33305004495a9","hash":"59bb92196c5153ba223213ee606782148e9ca304"}
,"/Users/javaralexander/Desktop/dev/js_dep_check/src/enums.js": {"path":"/Users/javaralexander/Desktop/dev/js_dep_check/src/enums.js","statementMap":{"0":{"start":{"line":1,"column":27},"end":{"line":4,"column":1}},"1":{"start":{"line":6,"column":33},"end":{"line":6,"column":45}},"2":{"start":{"line":7,"column":31},"end":{"line":7,"column":41}},"3":{"start":{"line":8,"column":30},"end":{"line":8,"column":39}}},"fnMap":{},"branchMap":{},"s":{"0":1,"1":1,"2":1,"3":1},"f":{},"b":{},"_coverageSchema":"1a1c01bbd47fc00a2c39e90264f33305004495a9","hash":"d7da2f9674e0dc3f4999ce15263b45e357969a8b"}
,"/Users/javaralexander/Desktop/dev/js_dep_check/src/readPackage.js": {"path":"/Users/javaralexander/Desktop/dev/js_dep_check/src/readPackage.js","statementMap":{"0":{"start":{"line":5,"column":31},"end":{"line":20,"column":1}},"1":{"start":{"line":7,"column":24},"end":{"line":7,"column":60}},"2":{"start":{"line":8,"column":21},"end":{"line":8,"column":68}},"3":{"start":{"line":10,"column":4},"end":{"line":19,"column":6}}},"fnMap":{"0":{"name":"(anonymous_0)","decl":{"start":{"line":5,"column":31},"end":{"line":5,"column":32}},"loc":{"start":{"line":5,"column":43},"end":{"line":20,"column":1}},"line":5}},"branchMap":{"0":{"loc":{"start":{"line":12,"column":14},"end":{"line":12,"column":33}},"type":"binary-expr","locations":[{"start":{"line":12,"column":14},"end":{"line":12,"column":27}},{"start":{"line":12,"column":31},"end":{"line":12,"column":33}}],"line":12},"1":{"loc":{"start":{"line":13,"column":17},"end":{"line":13,"column":39}},"type":"binary-expr","locations":[{"start":{"line":13,"column":17},"end":{"line":13,"column":33}},{"start":{"line":13,"column":37},"end":{"line":13,"column":39}}],"line":13},"2":{"loc":{"start":{"line":15,"column":20},"end":{"line":15,"column":74}},"type":"binary-expr","locations":[{"start":{"line":15,"column":20},"end":{"line":15,"column":68}},{"start":{"line":15,"column":72},"end":{"line":15,"column":74}}],"line":15},"3":{"loc":{"start":{"line":17,"column":8},"end":{"line":17,"column":66}},"type":"binary-expr","locations":[{"start":{"line":17,"column":8},"end":{"line":17,"column":60}},{"start":{"line":17,"column":64},"end":{"line":17,"column":66}}],"line":17},"4":{"loc":{"start":{"line":18,"column":23},"end":{"line":18,"column":80}},"type":"binary-expr","locations":[{"start":{"line":18,"column":23},"end":{"line":18,"column":74}},{"start":{"line":18,"column":78},"end":{"line":18,"column":80}}],"line":18}},"s":{"0":1,"1":1,"2":1,"3":1},"f":{"0":1},"b":{"0":[1,0],"1":[1,0],"2":[1,0],"3":[1,0],"4":[1,0]},"_coverageSchema":"1a1c01bbd47fc00a2c39e90264f33305004495a9","hash":"918b71534462ddd64f191747f193cb159fb49bc1"}
,"/Users/javaralexander/Desktop/dev/js_dep_check/src/reportGenerator.js": {"path":"/Users/javaralexander/Desktop/dev/js_dep_check/src/reportGenerator.js","statementMap":{"0":{"start":{"line":6,"column":22},"end":{"line":29,"column":1}},"1":{"start":{"line":11,"column":2},"end":{"line":28,"column":9}},"2":{"start":{"line":16,"column":28},"end":{"line":16,"column":31}},"3":{"start":{"line":17,"column":4},"end":{"line":27,"column":5}},"4":{"start":{"line":18,"column":6},"end":{"line":21,"column":8}},"5":{"start":{"line":23,"column":6},"end":{"line":26,"column":8}},"6":{"start":{"line":31,"column":45},"end":{"line":64,"column":1}},"7":{"start":{"line":40,"column":15},"end":{"line":40,"column":25}},"8":{"start":{"line":42,"column":2},"end":{"line":63,"column":4}},"9":{"start":{"line":66,"column":45},"end":{"line":203,"column":1}},"10":{"start":{"line":76,"column":4},"end":{"line":76,"column":66}},"11":{"start":{"line":79,"column":4},"end":{"line":79,"column":73}},"12":{"start":{"line":81,"column":4},"end":{"line":81,"column":75}},"13":{"start":{"line":83,"column":25},"end":{"line":83,"column":73}},"14":{"start":{"line":85,"column":22},"end":{"line":85,"column":43}},"15":{"start":{"line":86,"column":21},"end":{"line":91,"column":4}},"16":{"start":{"line":93,"column":27},"end":{"line":111,"column":3}},"17":{"start":{"line":95,"column":6},"end":{"line":95,"column":77}},"18":{"start":{"line":97,"column":4},"end":{"line":99,"column":5}},"19":{"start":{"line":98,"column":6},"end":{"line":98,"column":88}},"20":{"start":{"line":100,"column":4},"end":{"line":102,"column":5}},"21":{"start":{"line":101,"column":6},"end":{"line":101,"column":89}},"22":{"start":{"line":104,"column":4},"end":{"line":106,"column":5}},"23":{"start":{"line":105,"column":6},"end":{"line":105,"column":79}},"24":{"start":{"line":108,"column":4},"end":{"line":110,"column":5}},"25":{"start":{"line":109,"column":6},"end":{"line":109,"column":107}},"26":{"start":{"line":113,"column":2},"end":{"line":202,"column":6}},"27":{"start":{"line":205,"column":21},"end":{"line":227,"column":1}},"28":{"start":{"line":229,"column":27},"end":{"line":233,"column":1}},"29":{"start":{"line":230,"column":2},"end":{"line":232,"column":5}},"30":{"start":{"line":231,"column":4},"end":{"line":231,"column":34}},"31":{"start":{"line":235,"column":29},"end":{"line":244,"column":1}},"32":{"start":{"line":236,"column":2},"end":{"line":238,"column":3}},"33":{"start":{"line":237,"column":4},"end":{"line":237,"column":26}},"34":{"start":{"line":239,"column":2},"end":{"line":243,"column":3}},"35":{"start":{"line":240,"column":4},"end":{"line":240,"column":29}},"36":{"start":{"line":242,"column":4},"end":{"line":242,"column":27}},"37":{"start":{"line":246,"column":37},"end":{"line":274,"column":1}},"38":{"start":{"line":247,"column":21},"end":{"line":272,"column":8}},"39":{"start":{"line":262,"column":27},"end":{"line":267,"column":34}},"40":{"start":{"line":273,"column":2},"end":{"line":273,"column":24}},"41":{"start":{"line":276,"column":28},"end":{"line":297,"column":29}},"42":{"start":{"line":277,"column":2},"end":{"line":297,"column":29}},"43":{"start":{"line":289,"column":27},"end":{"line":293,"column":34}},"44":{"start":{"line":299,"column":35},"end":{"line":367,"column":1}},"45":{"start":{"line":300,"column":27},"end":{"line":302,"column":3}},"46":{"start":{"line":301,"column":4},"end":{"line":301,"column":51}},"47":{"start":{"line":304,"column":25},"end":{"line":304,"column":26}},"48":{"start":{"line":305,"column":19},"end":{"line":364,"column":8}},"49":{"start":{"line":332,"column":31},"end":{"line":332,"column":41}},"50":{"start":{"line":334,"column":42},"end":{"line":337,"column":28}},"51":{"start":{"line":339,"column":27},"end":{"line":339,"column":76}},"52":{"start":{"line":341,"column":54},"end":{"line":343,"column":49}},"53":{"start":{"line":344,"column":60},"end":{"line":346,"column":49}},"54":{"start":{"line":347,"column":27},"end":{"line":359,"column":31}},"55":{"start":{"line":366,"column":2},"end":{"line":366,"column":40}},"56":{"start":{"line":369,"column":27},"end":{"line":401,"column":1}},"57":{"start":{"line":374,"column":16},"end":{"line":378,"column":4}},"58":{"start":{"line":380,"column":19},"end":{"line":380,"column":61}},"59":{"start":{"line":380,"column":50},"end":{"line":380,"column":60}},"60":{"start":{"line":382,"column":2},"end":{"line":400,"column":35}},"61":{"start":{"line":392,"column":22},"end":{"line":397,"column":23}},"62":{"start":{"line":403,"column":27},"end":{"line":414,"column":1}},"63":{"start":{"line":404,"column":2},"end":{"line":413,"column":3}},"64":{"start":{"line":405,"column":14},"end":{"line":408,"column":5}},"65":{"start":{"line":409,"column":4},"end":{"line":409,"column":32}},"66":{"start":{"line":410,"column":4},"end":{"line":410,"column":40}},"67":{"start":{"line":412,"column":4},"end":{"line":412,"column":21}}},"fnMap":{"0":{"name":"(anonymous_0)","decl":{"start":{"line":6,"column":22},"end":{"line":6,"column":23}},"loc":{"start":{"line":10,"column":6},"end":{"line":29,"column":1}},"line":10},"1":{"name":"(anonymous_1)","decl":{"start":{"line":15,"column":11},"end":{"line":15,"column":12}},"loc":{"start":{"line":15,"column":38},"end":{"line":28,"column":3}},"line":15},"2":{"name":"(anonymous_2)","decl":{"start":{"line":31,"column":45},"end":{"line":31,"column":46}},"loc":{"start":{"line":39,"column":5},"end":{"line":64,"column":1}},"line":39},"3":{"name":"(anonymous_3)","decl":{"start":{"line":66,"column":45},"end":{"line":66,"column":46}},"loc":{"start":{"line":74,"column":5},"end":{"line":203,"column":1}},"line":74},"4":{"name":"(anonymous_4)","decl":{"start":{"line":93,"column":27},"end":{"line":93,"column":28}},"loc":{"start":{"line":93,"column":33},"end":{"line":111,"column":3}},"line":93},"5":{"name":"(anonymous_5)","decl":{"start":{"line":229,"column":27},"end":{"line":229,"column":28}},"loc":{"start":{"line":229,"column":36},"end":{"line":233,"column":1}},"line":229},"6":{"name":"(anonymous_6)","decl":{"start":{"line":230,"column":27},"end":{"line":230,"column":28}},"loc":{"start":{"line":230,"column":50},"end":{"line":232,"column":3}},"line":230},"7":{"name":"(anonymous_7)","decl":{"start":{"line":235,"column":29},"end":{"line":235,"column":30}},"loc":{"start":{"line":235,"column":50},"end":{"line":244,"column":1}},"line":235},"8":{"name":"(anonymous_8)","decl":{"start":{"line":246,"column":37},"end":{"line":246,"column":38}},"loc":{"start":{"line":246,"column":54},"end":{"line":274,"column":1}},"line":246},"9":{"name":"(anonymous_9)","decl":{"start":{"line":261,"column":30},"end":{"line":261,"column":31}},"loc":{"start":{"line":261,"column":59},"end":{"line":268,"column":26}},"line":261},"10":{"name":"(anonymous_10)","decl":{"start":{"line":276,"column":28},"end":{"line":276,"column":29}},"loc":{"start":{"line":277,"column":2},"end":{"line":297,"column":29}},"line":277},"11":{"name":"(anonymous_11)","decl":{"start":{"line":288,"column":30},"end":{"line":288,"column":31}},"loc":{"start":{"line":288,"column":59},"end":{"line":294,"column":26}},"line":288},"12":{"name":"(anonymous_12)","decl":{"start":{"line":299,"column":35},"end":{"line":299,"column":36}},"loc":{"start":{"line":299,"column":50},"end":{"line":367,"column":1}},"line":299},"13":{"name":"(anonymous_13)","decl":{"start":{"line":300,"column":27},"end":{"line":300,"column":28}},"loc":{"start":{"line":300,"column":45},"end":{"line":302,"column":3}},"line":300},"14":{"name":"(anonymous_14)","decl":{"start":{"line":324,"column":30},"end":{"line":324,"column":31}},"loc":{"start":{"line":324,"column":59},"end":{"line":360,"column":26}},"line":324},"15":{"name":"(anonymous_15)","decl":{"start":{"line":369,"column":27},"end":{"line":369,"column":28}},"loc":{"start":{"line":373,"column":6},"end":{"line":401,"column":1}},"line":373},"16":{"name":"(anonymous_16)","decl":{"start":{"line":380,"column":45},"end":{"line":380,"column":46}},"loc":{"start":{"line":380,"column":50},"end":{"line":380,"column":60}},"line":380},"17":{"name":"(anonymous_17)","decl":{"start":{"line":391,"column":35},"end":{"line":391,"column":36}},"loc":{"start":{"line":391,"column":41},"end":{"line":398,"column":21}},"line":391},"18":{"name":"(anonymous_18)","decl":{"start":{"line":403,"column":27},"end":{"line":403,"column":28}},"loc":{"start":{"line":403,"column":49},"end":{"line":414,"column":1}},"line":403}},"branchMap":{"0":{"loc":{"start":{"line":17,"column":4},"end":{"line":27,"column":5}},"type":"if","locations":[{"start":{"line":17,"column":4},"end":{"line":27,"column":5}},{"start":{"line":22,"column":11},"end":{"line":27,"column":5}}],"line":17},"1":{"loc":{"start":{"line":97,"column":4},"end":{"line":99,"column":5}},"type":"if","locations":[{"start":{"line":97,"column":4},"end":{"line":99,"column":5}},{"start":{},"end":{}}],"line":97},"2":{"loc":{"start":{"line":100,"column":4},"end":{"line":102,"column":5}},"type":"if","locations":[{"start":{"line":100,"column":4},"end":{"line":102,"column":5}},{"start":{},"end":{}}],"line":100},"3":{"loc":{"start":{"line":104,"column":4},"end":{"line":106,"column":5}},"type":"if","locations":[{"start":{"line":104,"column":4},"end":{"line":106,"column":5}},{"start":{},"end":{}}],"line":104},"4":{"loc":{"start":{"line":104,"column":8},"end":{"line":104,"column":47}},"type":"binary-expr","locations":[{"start":{"line":104,"column":8},"end":{"line":104,"column":25}},{"start":{"line":104,"column":29},"end":{"line":104,"column":47}}],"line":104},"5":{"loc":{"start":{"line":108,"column":4},"end":{"line":110,"column":5}},"type":"if","locations":[{"start":{"line":108,"column":4},"end":{"line":110,"column":5}},{"start":{},"end":{}}],"line":108},"6":{"loc":{"start":{"line":236,"column":2},"end":{"line":238,"column":3}},"type":"if","locations":[{"start":{"line":236,"column":2},"end":{"line":238,"column":3}},{"start":{},"end":{}}],"line":236},"7":{"loc":{"start":{"line":236,"column":6},"end":{"line":236,"column":47}},"type":"binary-expr","locations":[{"start":{"line":236,"column":6},"end":{"line":236,"column":24}},{"start":{"line":236,"column":28},"end":{"line":236,"column":47}}],"line":236},"8":{"loc":{"start":{"line":239,"column":2},"end":{"line":243,"column":3}},"type":"if","locations":[{"start":{"line":239,"column":2},"end":{"line":243,"column":3}},{"start":{"line":241,"column":9},"end":{"line":243,"column":3}}],"line":239},"9":{"loc":{"start":{"line":246,"column":38},"end":{"line":246,"column":49}},"type":"default-arg","locations":[{"start":{"line":246,"column":47},"end":{"line":246,"column":49}}],"line":246},"10":{"loc":{"start":{"line":247,"column":21},"end":{"line":272,"column":8}},"type":"cond-expr","locations":[{"start":{"line":248,"column":6},"end":{"line":271,"column":29}},{"start":{"line":272,"column":6},"end":{"line":272,"column":8}}],"line":247},"11":{"loc":{"start":{"line":305,"column":19},"end":{"line":364,"column":8}},"type":"cond-expr","locations":[{"start":{"line":306,"column":6},"end":{"line":363,"column":29}},{"start":{"line":364,"column":6},"end":{"line":364,"column":8}}],"line":305},"12":{"loc":{"start":{"line":339,"column":27},"end":{"line":339,"column":75}},"type":"binary-expr","locations":[{"start":{"line":339,"column":27},"end":{"line":339,"column":53}},{"start":{"line":339,"column":57},"end":{"line":339,"column":75}}],"line":339},"13":{"loc":{"start":{"line":382,"column":9},"end":{"line":400,"column":34}},"type":"cond-expr","locations":[{"start":{"line":382,"column":27},"end":{"line":400,"column":29}},{"start":{"line":400,"column":32},"end":{"line":400,"column":34}}],"line":382}},"s":{"0":1,"1":0,"2":0,"3":0,"4":0,"5":0,"6":1,"7":0,"8":0,"9":1,"10":0,"11":0,"12":0,"13":0,"14":0,"15":0,"16":0,"17":0,"18":0,"19":0,"20":0,"21":0,"22":0,"23":0,"24":0,"25":0,"26":0,"27":1,"28":1,"29":0,"30":0,"31":1,"32":0,"33":0,"34":0,"35":0,"36":0,"37":1,"38":0,"39":0,"40":0,"41":1,"42":0,"43":0,"44":1,"45":0,"46":0,"47":0,"48":0,"49":0,"50":0,"51":0,"52":0,"53":0,"54":0,"55":0,"56":1,"57":0,"58":0,"59":0,"60":0,"61":0,"62":1,"63":0,"64":0,"65":0,"66":0,"67":0},"f":{"0":0,"1":0,"2":0,"3":0,"4":0,"5":0,"6":0,"7":0,"8":0,"9":0,"10":0,"11":0,"12":0,"13":0,"14":0,"15":0,"16":0,"17":0,"18":0},"b":{"0":[0,0],"1":[0,0],"2":[0,0],"3":[0,0],"4":[0,0],"5":[0,0],"6":[0,0],"7":[0,0],"8":[0,0],"9":[0],"10":[0,0],"11":[0,0],"12":[0,0],"13":[0,0]},"_coverageSchema":"1a1c01bbd47fc00a2c39e90264f33305004495a9","hash":"dd8636e5580aa9ba4644e136eeb3a5dc43765831"}
,"/Users/javaralexander/Desktop/dev/js_dep_check/src/util/sharedUtils.js": {"path":"/Users/javaralexander/Desktop/dev/js_dep_check/src/util/sharedUtils.js","statementMap":{"0":{"start":{"line":3,"column":24},"end":{"line":13,"column":1}},"1":{"start":{"line":4,"column":2},"end":{"line":12,"column":3}},"2":{"start":{"line":5,"column":21},"end":{"line":5,"column":38}},"3":{"start":{"line":7,"column":4},"end":{"line":7,"column":20}},"4":{"start":{"line":9,"column":4},"end":{"line":9,"column":48}},"5":{"start":{"line":10,"column":4},"end":{"line":10,"column":21}},"6":{"start":{"line":11,"column":4},"end":{"line":11,"column":20}},"7":{"start":{"line":24,"column":41},"end":{"line":26,"column":1}},"8":{"start":{"line":25,"column":2},"end":{"line":25,"column":78}},"9":{"start":{"line":25,"column":40},"end":{"line":25,"column":75}}},"fnMap":{"0":{"name":"(anonymous_0)","decl":{"start":{"line":3,"column":24},"end":{"line":3,"column":25}},"loc":{"start":{"line":3,"column":63},"end":{"line":13,"column":1}},"line":3},"1":{"name":"(anonymous_1)","decl":{"start":{"line":24,"column":41},"end":{"line":24,"column":42}},"loc":{"start":{"line":24,"column":55},"end":{"line":26,"column":1}},"line":24},"2":{"name":"(anonymous_2)","decl":{"start":{"line":25,"column":30},"end":{"line":25,"column":31}},"loc":{"start":{"line":25,"column":40},"end":{"line":25,"column":75}},"line":25}},"branchMap":{"0":{"loc":{"start":{"line":24,"column":42},"end":{"line":24,"column":50}},"type":"default-arg","locations":[{"start":{"line":24,"column":48},"end":{"line":24,"column":50}}],"line":24}},"s":{"0":1,"1":1,"2":1,"3":1,"4":0,"5":0,"6":0,"7":1,"8":3,"9":11},"f":{"0":1,"1":3,"2":11},"b":{"0":[1]},"_coverageSchema":"1a1c01bbd47fc00a2c39e90264f33305004495a9","hash":"d328c1888bbea0f54627de02f8412f0918788322"}
}
