TN:
SF:bin/index.js
FN:14,(anonymous_0)
FN:15,(anonymous_1)
FNF:2
FNH:1
FNDA:2,(anonymous_0)
FNDA:0,(anonymous_1)
DA:12,1
DA:14,1
DA:15,2
DA:16,2
DA:20,1
DA:21,1
DA:23,1
DA:24,0
DA:32,0
DA:34,0
DA:37,0
DA:42,0
DA:51,0
DA:52,0
DA:53,0
DA:55,0
DA:56,0
DA:63,0
DA:64,0
DA:65,0
DA:66,0
LF:21
LH:7
BRDA:16,0,0,2
BRDA:16,0,1,2
BRDA:23,1,0,0
BRDA:23,1,1,1
BRDA:51,2,0,0
BRDA:51,2,1,0
BRDA:51,3,0,0
BRDA:51,3,1,0
BRF:8
BRH:3
end_of_record
TN:
SF:src/checkDependencies.js
FN:9,(anonymous_0)
FN:10,(anonymous_1)
FN:15,(anonymous_2)
FN:55,(anonymous_3)
FN:60,(anonymous_4)
FN:67,(anonymous_5)
FN:82,(anonymous_6)
FN:102,(anonymous_7)
FN:140,(anonymous_8)
FN:153,(anonymous_9)
FN:159,(anonymous_10)
FNF:11
FNH:11
FNDA:21,(anonymous_0)
FNDA:46,(anonymous_1)
FNDA:7,(anonymous_2)
FNDA:21,(anonymous_3)
FNDA:46,(anonymous_4)
FNDA:46,(anonymous_5)
FNDA:46,(anonymous_6)
FNDA:46,(anonymous_7)
FNDA:46,(anonymous_8)
FNDA:46,(anonymous_9)
FNDA:46,(anonymous_10)
DA:5,3
DA:6,3
DA:7,3
DA:9,3
DA:10,21
DA:11,46
DA:15,3
DA:20,7
DA:22,7
DA:29,7
DA:34,7
DA:39,7
DA:41,7
DA:47,7
DA:55,3
DA:56,21
DA:57,21
DA:58,21
DA:59,21
DA:61,46
DA:64,46
DA:67,21
DA:68,46
DA:69,1
DA:70,1
DA:72,45
DA:75,21
DA:77,0
DA:78,0
DA:82,3
DA:83,46
DA:84,46
DA:85,46
DA:86,45
DA:87,45
DA:88,45
DA:90,1
DA:93,1
DA:102,3
DA:111,46
DA:112,1
DA:121,45
DA:140,3
DA:144,46
DA:145,42
DA:146,42
DA:147,42
DA:149,4
DA:153,3
DA:159,46
DA:160,46
DA:161,46
DA:162,1
DA:171,45
DA:173,45
DA:174,45
DA:176,45
DA:177,12
DA:184,33
DA:190,45
DA:192,0
DA:193,0
LF:62
LH:58
BRDA:7,0,0,3
BRDA:7,0,1,0
BRDA:16,1,0,0
BRDA:17,2,0,0
BRDA:18,3,0,0
BRDA:22,4,0,7
BRDA:22,4,1,0
BRDA:68,5,0,1
BRDA:68,5,1,45
BRDA:107,6,0,45
BRDA:111,7,0,1
BRDA:111,7,1,45
BRDA:127,8,0,45
BRDA:127,8,1,33
BRDA:128,9,0,45
BRDA:128,9,1,33
BRDA:134,10,0,45
BRDA:134,10,1,33
BRDA:134,11,0,45
BRDA:134,11,1,33
BRDA:144,12,0,42
BRDA:144,12,1,4
BRDA:154,13,0,45
BRDA:161,14,0,1
BRDA:161,14,1,45
BRDA:176,15,0,12
BRDA:176,15,1,33
BRF:27
BRH:22
end_of_record
TN:
SF:src/enums.js
FNF:0
FNH:0
DA:1,2
DA:6,2
DA:7,2
DA:8,2
LF:4
LH:4
BRF:0
BRH:0
end_of_record
TN:
SF:src/readPackage.js
FN:5,(anonymous_0)
FNF:1
FNH:1
FNDA:1,(anonymous_0)
DA:5,2
DA:7,1
DA:8,1
DA:10,1
LF:4
LH:4
BRDA:12,0,0,1
BRDA:12,0,1,0
BRDA:13,1,0,1
BRDA:13,1,1,0
BRDA:15,2,0,1
BRDA:15,2,1,0
BRDA:17,3,0,1
BRDA:17,3,1,0
BRDA:18,4,0,1
BRDA:18,4,1,0
BRF:10
BRH:5
end_of_record
TN:
SF:src/reportGenerator.js
FN:9,(anonymous_0)
FN:18,(anonymous_1)
FN:34,(anonymous_2)
FN:70,(anonymous_3)
FN:97,(anonymous_4)
FN:233,(anonymous_5)
FN:234,(anonymous_6)
FN:239,(anonymous_7)
FN:250,(anonymous_8)
FN:265,(anonymous_9)
FN:280,(anonymous_10)
FN:292,(anonymous_11)
FN:303,(anonymous_12)
FN:304,(anonymous_13)
FN:328,(anonymous_14)
FN:373,(anonymous_15)
FN:384,(anonymous_16)
FN:395,(anonymous_17)
FN:407,(anonymous_18)
FNF:19
FNH:18
FNDA:4,(anonymous_0)
FNDA:44,(anonymous_1)
FNDA:1,(anonymous_2)
FNDA:3,(anonymous_3)
FNDA:3,(anonymous_4)
FNDA:33,(anonymous_5)
FNDA:42,(anonymous_6)
FNDA:33,(anonymous_7)
FNDA:3,(anonymous_8)
FNDA:0,(anonymous_9)
FNDA:3,(anonymous_10)
FNDA:12,(anonymous_11)
FNDA:9,(anonymous_12)
FNDA:33,(anonymous_13)
FNDA:33,(anonymous_14)
FNDA:3,(anonymous_15)
FNDA:6,(anonymous_16)
FNDA:3,(anonymous_17)
FNDA:3,(anonymous_18)
DA:7,2
DA:9,2
DA:14,4
DA:19,44
DA:20,44
DA:21,8
DA:26,36
DA:34,2
DA:44,1
DA:46,1
DA:70,2
DA:80,3
DA:83,3
DA:85,3
DA:87,3
DA:89,3
DA:90,3
DA:97,3
DA:99,3
DA:101,3
DA:102,0
DA:104,3
DA:105,0
DA:108,3
DA:109,3
DA:112,0
DA:113,0
DA:117,3
DA:209,2
DA:233,2
DA:234,33
DA:235,42
DA:239,2
DA:240,33
DA:241,0
DA:243,33
DA:244,24
DA:246,9
DA:250,2
DA:251,3
DA:266,0
DA:277,3
DA:280,2
DA:281,3
DA:293,12
DA:303,2
DA:304,9
DA:305,33
DA:308,9
DA:309,9
DA:336,33
DA:338,33
DA:343,33
DA:345,33
DA:348,33
DA:351,33
DA:370,9
DA:373,2
DA:378,3
DA:384,6
DA:386,3
DA:396,3
DA:407,2
DA:408,3
DA:409,3
DA:413,3
DA:414,2
DA:416,1
LF:68
LH:62
BRDA:20,0,0,8
BRDA:20,0,1,36
BRDA:40,1,0,0
BRDA:61,2,0,1
BRDA:61,2,1,0
BRDA:62,3,0,1
BRDA:62,3,1,0
BRDA:101,4,0,0
BRDA:101,4,1,3
BRDA:104,5,0,0
BRDA:104,5,1,3
BRDA:108,6,0,3
BRDA:108,6,1,0
BRDA:108,7,0,3
BRDA:108,7,1,3
BRDA:112,8,0,0
BRDA:112,8,1,0
BRDA:240,9,0,0
BRDA:240,9,1,33
BRDA:240,10,0,33
BRDA:240,10,1,33
BRDA:243,11,0,24
BRDA:243,11,1,9
BRDA:250,12,0,0
BRDA:251,13,0,0
BRDA:251,13,1,3
BRDA:309,14,0,6
BRDA:309,14,1,3
BRDA:343,15,0,33
BRDA:343,15,1,9
BRDA:386,16,0,3
BRDA:386,16,1,0
BRF:32
BRH:20
end_of_record
TN:
SF:src/tests/utils.js
FNF:0
FNH:0
DA:1,1
LF:1
LH:1
BRF:0
BRH:0
end_of_record
TN:
SF:src/util/sharedUtils.js
FN:3,(anonymous_0)
FN:24,(anonymous_1)
FN:25,(anonymous_2)
FNF:3
FNH:3
FNDA:4,(anonymous_0)
FNDA:4,(anonymous_1)
FNDA:17,(anonymous_2)
DA:3,2
DA:4,4
DA:5,4
DA:7,4
DA:9,0
DA:10,0
DA:11,0
DA:24,2
DA:25,17
LF:9
LH:6
BRDA:24,0,0,1
BRF:1
BRH:1
end_of_record
