TN:
SF:bin/index.js
FN:14,(anonymous_0)
FN:15,(anonymous_1)
FNF:2
FNH:2
FNDA:2,(anonymous_0)
FNDA:4,(anonymous_1)
DA:12,1
DA:14,1
DA:15,4
DA:16,2
DA:20,1
DA:21,1
DA:23,1
DA:24,0
DA:32,0
DA:35,0
DA:40,0
DA:49,0
DA:50,0
DA:51,0
DA:53,0
DA:54,0
DA:61,0
DA:62,0
DA:63,0
DA:64,0
LF:20
LH:7
BRDA:16,0,0,2
BRDA:16,0,1,2
BRDA:23,1,0,0
BRDA:23,1,1,1
BRDA:49,2,0,0
BRDA:49,2,1,0
BRDA:49,3,0,0
BRDA:49,3,1,0
BRF:8
BRH:3
end_of_record
TN:
SF:src/checkDependencies.js
FN:9,(anonymous_0)
FN:10,(anonymous_1)
FN:15,(anonymous_2)
FN:55,(anonymous_3)
FN:60,(anonymous_4)
FN:67,(anonymous_5)
FN:82,(anonymous_6)
FN:102,(anonymous_7)
FN:140,(anonymous_8)
FN:153,(anonymous_9)
FN:159,(anonymous_10)
FNF:11
FNH:11
FNDA:9,(anonymous_0)
FNDA:2,(anonymous_1)
FNDA:3,(anonymous_2)
FNDA:9,(anonymous_3)
FNDA:2,(anonymous_4)
FNDA:2,(anonymous_5)
FNDA:2,(anonymous_6)
FNDA:2,(anonymous_7)
FNDA:2,(anonymous_8)
FNDA:2,(anonymous_9)
FNDA:2,(anonymous_10)
DA:5,2
DA:6,2
DA:7,2
DA:9,2
DA:10,9
DA:11,2
DA:15,2
DA:20,3
DA:22,3
DA:29,3
DA:34,3
DA:39,3
DA:41,3
DA:47,3
DA:55,2
DA:56,9
DA:57,9
DA:58,9
DA:59,9
DA:61,2
DA:64,2
DA:67,9
DA:68,2
DA:69,1
DA:70,1
DA:72,1
DA:75,9
DA:77,0
DA:78,0
DA:82,2
DA:83,2
DA:84,2
DA:85,2
DA:86,1
DA:87,1
DA:88,1
DA:90,1
DA:93,1
DA:102,2
DA:111,2
DA:112,1
DA:121,1
DA:140,2
DA:144,2
DA:145,2
DA:146,2
DA:147,2
DA:149,0
DA:153,2
DA:159,2
DA:160,2
DA:161,2
DA:162,1
DA:171,1
DA:173,1
DA:174,1
DA:176,1
DA:177,0
DA:184,1
DA:190,1
DA:192,0
DA:193,0
LF:62
LH:56
BRDA:7,0,0,2
BRDA:7,0,1,0
BRDA:16,1,0,0
BRDA:17,2,0,0
BRDA:18,3,0,0
BRDA:22,4,0,3
BRDA:22,4,1,0
BRDA:68,5,0,1
BRDA:68,5,1,1
BRDA:107,6,0,1
BRDA:111,7,0,1
BRDA:111,7,1,1
BRDA:127,8,0,1
BRDA:127,8,1,1
BRDA:128,9,0,1
BRDA:128,9,1,1
BRDA:134,10,0,1
BRDA:134,10,1,1
BRDA:134,11,0,1
BRDA:134,11,1,1
BRDA:144,12,0,2
BRDA:144,12,1,0
BRDA:154,13,0,1
BRDA:161,14,0,1
BRDA:161,14,1,1
BRDA:176,15,0,0
BRDA:176,15,1,1
BRF:27
BRH:20
end_of_record
TN:
SF:src/enums.js
FNF:0
FNH:0
DA:1,1
DA:6,1
DA:7,1
DA:8,1
LF:4
LH:4
BRF:0
BRH:0
end_of_record
TN:
SF:src/readPackage.js
FN:5,(anonymous_0)
FNF:1
FNH:1
FNDA:1,(anonymous_0)
DA:5,1
DA:7,1
DA:8,1
DA:10,1
LF:4
LH:4
BRDA:12,0,0,1
BRDA:12,0,1,0
BRDA:13,1,0,1
BRDA:13,1,1,0
BRDA:15,2,0,1
BRDA:15,2,1,0
BRDA:17,3,0,1
BRDA:17,3,1,0
BRDA:18,4,0,1
BRDA:18,4,1,0
BRF:10
BRH:5
end_of_record
TN:
SF:src/reportGenerator.js
FN:6,(anonymous_0)
FN:15,(anonymous_1)
FN:31,(anonymous_2)
FN:66,(anonymous_3)
FN:93,(anonymous_4)
FN:229,(anonymous_5)
FN:230,(anonymous_6)
FN:235,(anonymous_7)
FN:246,(anonymous_8)
FN:261,(anonymous_9)
FN:276,(anonymous_10)
FN:288,(anonymous_11)
FN:299,(anonymous_12)
FN:300,(anonymous_13)
FN:324,(anonymous_14)
FN:369,(anonymous_15)
FN:380,(anonymous_16)
FN:391,(anonymous_17)
FN:403,(anonymous_18)
FNF:19
FNH:0
FNDA:0,(anonymous_0)
FNDA:0,(anonymous_1)
FNDA:0,(anonymous_2)
FNDA:0,(anonymous_3)
FNDA:0,(anonymous_4)
FNDA:0,(anonymous_5)
FNDA:0,(anonymous_6)
FNDA:0,(anonymous_7)
FNDA:0,(anonymous_8)
FNDA:0,(anonymous_9)
FNDA:0,(anonymous_10)
FNDA:0,(anonymous_11)
FNDA:0,(anonymous_12)
FNDA:0,(anonymous_13)
FNDA:0,(anonymous_14)
FNDA:0,(anonymous_15)
FNDA:0,(anonymous_16)
FNDA:0,(anonymous_17)
FNDA:0,(anonymous_18)
DA:6,1
DA:11,0
DA:16,0
DA:17,0
DA:18,0
DA:23,0
DA:31,1
DA:40,0
DA:42,0
DA:66,1
DA:76,0
DA:79,0
DA:81,0
DA:83,0
DA:85,0
DA:86,0
DA:93,0
DA:95,0
DA:97,0
DA:98,0
DA:100,0
DA:101,0
DA:104,0
DA:105,0
DA:108,0
DA:109,0
DA:113,0
DA:205,1
DA:229,1
DA:230,0
DA:231,0
DA:235,1
DA:236,0
DA:237,0
DA:239,0
DA:240,0
DA:242,0
DA:246,1
DA:247,0
DA:262,0
DA:273,0
DA:276,1
DA:277,0
DA:289,0
DA:299,1
DA:300,0
DA:301,0
DA:304,0
DA:305,0
DA:332,0
DA:334,0
DA:339,0
DA:341,0
DA:344,0
DA:347,0
DA:366,0
DA:369,1
DA:374,0
DA:380,0
DA:382,0
DA:392,0
DA:403,1
DA:404,0
DA:405,0
DA:409,0
DA:410,0
DA:412,0
LF:67
LH:11
BRDA:17,0,0,0
BRDA:17,0,1,0
BRDA:97,1,0,0
BRDA:97,1,1,0
BRDA:100,2,0,0
BRDA:100,2,1,0
BRDA:104,3,0,0
BRDA:104,3,1,0
BRDA:104,4,0,0
BRDA:104,4,1,0
BRDA:108,5,0,0
BRDA:108,5,1,0
BRDA:236,6,0,0
BRDA:236,6,1,0
BRDA:236,7,0,0
BRDA:236,7,1,0
BRDA:239,8,0,0
BRDA:239,8,1,0
BRDA:246,9,0,0
BRDA:247,10,0,0
BRDA:247,10,1,0
BRDA:305,11,0,0
BRDA:305,11,1,0
BRDA:339,12,0,0
BRDA:339,12,1,0
BRDA:382,13,0,0
BRDA:382,13,1,0
BRF:27
BRH:0
end_of_record
TN:
SF:src/util/sharedUtils.js
FN:3,(anonymous_0)
FN:24,(anonymous_1)
FN:25,(anonymous_2)
FNF:3
FNH:3
FNDA:1,(anonymous_0)
FNDA:3,(anonymous_1)
FNDA:11,(anonymous_2)
DA:3,1
DA:4,1
DA:5,1
DA:7,1
DA:9,0
DA:10,0
DA:11,0
DA:24,1
DA:25,11
LF:9
LH:6
BRDA:24,0,0,1
BRF:1
BRH:1
end_of_record
